2022-05-19 09:56:31 [172.21.0.1][-][-][error][yii\web\HttpException:404] yii\base\InvalidRouteException: Unable to resolve the request "admin/index". in /var/www/katalog/vendor/yiisoft/yii2/base/Module.php:561
Stack trace:
#0 /var/www/katalog/vendor/yiisoft/yii2/web/Application.php(103): yii\base\Module->runAction('admin/index', Array)
#1 /var/www/katalog/vendor/yiisoft/yii2/base/Application.php(384): yii\web\Application->handleRequest(Object(yii\web\Request))
#2 /var/www/katalog/web/index.php(12): yii\base\Application->run()
#3 {main}

Next yii\web\NotFoundHttpException: Page not found. in /var/www/katalog/vendor/yiisoft/yii2/web/Application.php:115
Stack trace:
#0 /var/www/katalog/vendor/yiisoft/yii2/base/Application.php(384): yii\web\Application->handleRequest(Object(yii\web\Request))
#1 /var/www/katalog/web/index.php(12): yii\base\Application->run()
#2 {main}
2022-05-19 09:56:30 [172.21.0.1][-][-][info][application] $_GET = []

$_POST = []

$_FILES = []

$_COOKIE = [
    'PHPSESSID' => 'f21d214958c8517352fcde77e33d6dc5'
    '_csrf' => 'dd50e187e7027c0bfe0fe18e42b7ef3bedc83f19760e8b1ca55b12a3ca31e11ca:2:{i:0;s:5:\"_csrf\";i:1;s:32:\"ipQwBuBV2S0_jYMP69HvQgWeEbk6ypsK\";}'
]

$_SESSION = [
    '__flash' => []
]

$_SERVER = [
    'HOSTNAME' => 'fbb0fecea02e'
    'PHP_INI_DIR' => '/usr/local/etc/php'
    'HOME' => '/var/www'
    'PHP_LDFLAGS' => '-Wl,-O1 -pie'
    'PHP_CFLAGS' => '-fstack-protector-strong -fpic -fpie -O2 -D_LARGEFILE_SOURCE -D_FILE_OFFSET_BITS=64'
    'PHP_VERSION' => '8.1.2'
    'GPG_KEYS' => '528995BFEDFBA7191D46839EF9BA0ADA31CBD89E 39B641343D8C104B2B146DC3F9C39DC0B9698544 F1F692238FBC1666E5A5CCD4199F9DFEF6FFBAFD'
    'PHP_CPPFLAGS' => '-fstack-protector-strong -fpic -fpie -O2 -D_LARGEFILE_SOURCE -D_FILE_OFFSET_BITS=64'
    'PHP_ASC_URL' => 'https://www.php.net/distributions/php-8.1.2.tar.xz.asc'
    'PHP_URL' => 'https://www.php.net/distributions/php-8.1.2.tar.xz'
    'PATH' => '/usr/local/sbin:/usr/local/bin:/usr/sbin:/usr/bin:/sbin:/bin'
    'PHPIZE_DEPS' => 'autoconf 		dpkg-dev 		file 		g++ 		gcc 		libc-dev 		make 		pkg-config 		re2c'
    'PWD' => '/var/www'
    'PHP_SHA256' => '6b448242fd360c1a9f265b7263abf3da25d28f2b2b0f5465533b69be51a391dd'
    'USER' => 'www-data'
    'HTTP_COOKIE' => 'PHPSESSID=f21d214958c8517352fcde77e33d6dc5; _csrf=dd50e187e7027c0bfe0fe18e42b7ef3bedc83f19760e8b1ca55b12a3ca31e11ca%3A2%3A%7Bi%3A0%3Bs%3A5%3A%22_csrf%22%3Bi%3A1%3Bs%3A32%3A%22ipQwBuBV2S0_jYMP69HvQgWeEbk6ypsK%22%3B%7D'
    'HTTP_ACCEPT_LANGUAGE' => 'ru-RU,ru;q=0.9,en-US;q=0.8,en;q=0.7'
    'HTTP_ACCEPT_ENCODING' => 'gzip, deflate, br'
    'HTTP_SEC_FETCH_DEST' => 'document'
    'HTTP_SEC_FETCH_USER' => '?1'
    'HTTP_SEC_FETCH_MODE' => 'navigate'
    'HTTP_SEC_FETCH_SITE' => 'none'
    'HTTP_ACCEPT' => 'text/html,application/xhtml+xml,application/xml;q=0.9,image/avif,image/webp,image/apng,*/*;q=0.8,application/signed-exchange;v=b3;q=0.9'
    'HTTP_USER_AGENT' => 'Mozilla/5.0 (Macintosh; Intel Mac OS X 10_15_7) AppleWebKit/537.36 (KHTML, like Gecko) Chrome/101.0.4951.64 Safari/537.36'
    'HTTP_UPGRADE_INSECURE_REQUESTS' => '1'
    'HTTP_SEC_CH_UA_PLATFORM' => '\"macOS\"'
    'HTTP_SEC_CH_UA_MOBILE' => '?0'
    'HTTP_SEC_CH_UA' => '\" Not A;Brand\";v=\"99\", \"Chromium\";v=\"101\", \"Google Chrome\";v=\"101\"'
    'HTTP_CACHE_CONTROL' => 'no-cache'
    'HTTP_PRAGMA' => 'no-cache'
    'HTTP_CONNECTION' => 'keep-alive'
    'HTTP_HOST' => '127.0.0.1'
    'PATH_INFO' => ''
    'SCRIPT_FILENAME' => '/var/www/katalog/web/index.php'
    'REDIRECT_STATUS' => '200'
    'SERVER_NAME' => 'katalog'
    'SERVER_PORT' => '80'
    'SERVER_ADDR' => '172.21.0.4'
    'REMOTE_PORT' => '65262'
    'REMOTE_ADDR' => '172.21.0.1'
    'SERVER_SOFTWARE' => 'nginx/1.21.6'
    'GATEWAY_INTERFACE' => 'CGI/1.1'
    'REQUEST_SCHEME' => 'http'
    'SERVER_PROTOCOL' => 'HTTP/1.1'
    'DOCUMENT_ROOT' => '/var/www/katalog/web'
    'DOCUMENT_URI' => '/index.php'
    'REQUEST_URI' => '/admin/catalog'
    'SCRIPT_NAME' => '/index.php'
    'CONTENT_LENGTH' => ''
    'CONTENT_TYPE' => ''
    'REQUEST_METHOD' => 'GET'
    'QUERY_STRING' => ''
    'FCGI_ROLE' => 'RESPONDER'
    'PHP_SELF' => '/index.php'
    'REQUEST_TIME_FLOAT' => 1652954190.8575
    'REQUEST_TIME' => 1652954190
    'argv' => []
    'argc' => 0
]
2022-05-19 09:56:33 [172.21.0.1][-][-][error][yii\web\HttpException:404] yii\base\InvalidRouteException: Unable to resolve the request "admin/index". in /var/www/katalog/vendor/yiisoft/yii2/base/Module.php:561
Stack trace:
#0 /var/www/katalog/vendor/yiisoft/yii2/web/Application.php(103): yii\base\Module->runAction('admin/index', Array)
#1 /var/www/katalog/vendor/yiisoft/yii2/base/Application.php(384): yii\web\Application->handleRequest(Object(yii\web\Request))
#2 /var/www/katalog/web/index.php(12): yii\base\Application->run()
#3 {main}

Next yii\web\NotFoundHttpException: Page not found. in /var/www/katalog/vendor/yiisoft/yii2/web/Application.php:115
Stack trace:
#0 /var/www/katalog/vendor/yiisoft/yii2/base/Application.php(384): yii\web\Application->handleRequest(Object(yii\web\Request))
#1 /var/www/katalog/web/index.php(12): yii\base\Application->run()
#2 {main}
2022-05-19 09:56:33 [172.21.0.1][-][-][info][application] $_GET = []

$_POST = []

$_FILES = []

$_COOKIE = [
    'PHPSESSID' => 'f21d214958c8517352fcde77e33d6dc5'
    '_csrf' => 'dd50e187e7027c0bfe0fe18e42b7ef3bedc83f19760e8b1ca55b12a3ca31e11ca:2:{i:0;s:5:\"_csrf\";i:1;s:32:\"ipQwBuBV2S0_jYMP69HvQgWeEbk6ypsK\";}'
]

$_SESSION = [
    '__flash' => []
]

$_SERVER = [
    'HOSTNAME' => 'fbb0fecea02e'
    'PHP_INI_DIR' => '/usr/local/etc/php'
    'HOME' => '/var/www'
    'PHP_LDFLAGS' => '-Wl,-O1 -pie'
    'PHP_CFLAGS' => '-fstack-protector-strong -fpic -fpie -O2 -D_LARGEFILE_SOURCE -D_FILE_OFFSET_BITS=64'
    'PHP_VERSION' => '8.1.2'
    'GPG_KEYS' => '528995BFEDFBA7191D46839EF9BA0ADA31CBD89E 39B641343D8C104B2B146DC3F9C39DC0B9698544 F1F692238FBC1666E5A5CCD4199F9DFEF6FFBAFD'
    'PHP_CPPFLAGS' => '-fstack-protector-strong -fpic -fpie -O2 -D_LARGEFILE_SOURCE -D_FILE_OFFSET_BITS=64'
    'PHP_ASC_URL' => 'https://www.php.net/distributions/php-8.1.2.tar.xz.asc'
    'PHP_URL' => 'https://www.php.net/distributions/php-8.1.2.tar.xz'
    'PATH' => '/usr/local/sbin:/usr/local/bin:/usr/sbin:/usr/bin:/sbin:/bin'
    'PHPIZE_DEPS' => 'autoconf 		dpkg-dev 		file 		g++ 		gcc 		libc-dev 		make 		pkg-config 		re2c'
    'PWD' => '/var/www'
    'PHP_SHA256' => '6b448242fd360c1a9f265b7263abf3da25d28f2b2b0f5465533b69be51a391dd'
    'USER' => 'www-data'
    'HTTP_COOKIE' => 'PHPSESSID=f21d214958c8517352fcde77e33d6dc5; _csrf=dd50e187e7027c0bfe0fe18e42b7ef3bedc83f19760e8b1ca55b12a3ca31e11ca%3A2%3A%7Bi%3A0%3Bs%3A5%3A%22_csrf%22%3Bi%3A1%3Bs%3A32%3A%22ipQwBuBV2S0_jYMP69HvQgWeEbk6ypsK%22%3B%7D'
    'HTTP_ACCEPT_LANGUAGE' => 'ru-RU,ru;q=0.9,en-US;q=0.8,en;q=0.7'
    'HTTP_ACCEPT_ENCODING' => 'gzip, deflate, br'
    'HTTP_SEC_FETCH_DEST' => 'document'
    'HTTP_SEC_FETCH_USER' => '?1'
    'HTTP_SEC_FETCH_MODE' => 'navigate'
    'HTTP_SEC_FETCH_SITE' => 'none'
    'HTTP_ACCEPT' => 'text/html,application/xhtml+xml,application/xml;q=0.9,image/avif,image/webp,image/apng,*/*;q=0.8,application/signed-exchange;v=b3;q=0.9'
    'HTTP_USER_AGENT' => 'Mozilla/5.0 (Macintosh; Intel Mac OS X 10_15_7) AppleWebKit/537.36 (KHTML, like Gecko) Chrome/101.0.4951.64 Safari/537.36'
    'HTTP_UPGRADE_INSECURE_REQUESTS' => '1'
    'HTTP_SEC_CH_UA_PLATFORM' => '\"macOS\"'
    'HTTP_SEC_CH_UA_MOBILE' => '?0'
    'HTTP_SEC_CH_UA' => '\" Not A;Brand\";v=\"99\", \"Chromium\";v=\"101\", \"Google Chrome\";v=\"101\"'
    'HTTP_CACHE_CONTROL' => 'no-cache'
    'HTTP_PRAGMA' => 'no-cache'
    'HTTP_CONNECTION' => 'keep-alive'
    'HTTP_HOST' => '127.0.0.1'
    'PATH_INFO' => ''
    'SCRIPT_FILENAME' => '/var/www/katalog/web/index.php'
    'REDIRECT_STATUS' => '200'
    'SERVER_NAME' => 'katalog'
    'SERVER_PORT' => '80'
    'SERVER_ADDR' => '172.21.0.4'
    'REMOTE_PORT' => '65262'
    'REMOTE_ADDR' => '172.21.0.1'
    'SERVER_SOFTWARE' => 'nginx/1.21.6'
    'GATEWAY_INTERFACE' => 'CGI/1.1'
    'REQUEST_SCHEME' => 'http'
    'SERVER_PROTOCOL' => 'HTTP/1.1'
    'DOCUMENT_ROOT' => '/var/www/katalog/web'
    'DOCUMENT_URI' => '/index.php'
    'REQUEST_URI' => '/admin/catalog'
    'SCRIPT_NAME' => '/index.php'
    'CONTENT_LENGTH' => ''
    'CONTENT_TYPE' => ''
    'REQUEST_METHOD' => 'GET'
    'QUERY_STRING' => ''
    'FCGI_ROLE' => 'RESPONDER'
    'PHP_SELF' => '/index.php'
    'REQUEST_TIME_FLOAT' => 1652954193.2998
    'REQUEST_TIME' => 1652954193
    'argv' => []
    'argc' => 0
]
