2022/05/11 09:05:41 [notice] 1#1: using the "epoll" event method
2022/05/11 09:05:41 [notice] 1#1: nginx/1.21.6
2022/05/11 09:05:41 [notice] 1#1: built by gcc 10.2.1 20210110 (Debian 10.2.1-6) 
2022/05/11 09:05:41 [notice] 1#1: OS: Linux 5.10.76-linuxkit
2022/05/11 09:05:41 [notice] 1#1: getrlimit(RLIMIT_NOFILE): 1048576:1048576
2022/05/11 09:05:41 [notice] 1#1: start worker processes
2022/05/11 09:05:41 [notice] 1#1: start worker process 23
2022/05/11 09:05:41 [notice] 1#1: start worker process 24
2022/05/11 09:05:41 [notice] 1#1: start worker process 25
2022/05/11 09:05:41 [notice] 1#1: start worker process 26
2022/05/11 09:06:20 [error] 23#23: *1 directory index of "/var/www/" is forbidden, client: 172.19.0.1, server: katalog, request: "GET / HTTP/1.1", host: "127.0.0.1"
2022/05/11 09:10:52 [notice] 1#1: signal 3 (SIGQUIT) received, shutting down
2022/05/11 09:10:52 [notice] 23#23: gracefully shutting down
2022/05/11 09:10:52 [notice] 23#23: exiting
2022/05/11 09:10:52 [notice] 24#24: gracefully shutting down
2022/05/11 09:10:52 [notice] 25#25: gracefully shutting down
2022/05/11 09:10:52 [notice] 26#26: gracefully shutting down
2022/05/11 09:10:52 [notice] 23#23: exit
2022/05/11 09:10:52 [notice] 24#24: exiting
2022/05/11 09:10:52 [notice] 24#24: exit
2022/05/11 09:10:52 [notice] 25#25: exiting
2022/05/11 09:10:52 [notice] 26#26: exiting
2022/05/11 09:10:52 [notice] 25#25: exit
2022/05/11 09:10:52 [notice] 26#26: exit
2022/05/11 09:10:52 [notice] 1#1: signal 17 (SIGCHLD) received from 23
2022/05/11 09:10:52 [notice] 1#1: worker process 23 exited with code 0
2022/05/11 09:10:52 [notice] 1#1: signal 29 (SIGIO) received
2022/05/11 09:10:52 [notice] 1#1: signal 17 (SIGCHLD) received from 26
2022/05/11 09:10:52 [notice] 1#1: worker process 24 exited with code 0
2022/05/11 09:10:52 [notice] 1#1: worker process 26 exited with code 0
2022/05/11 09:10:52 [notice] 1#1: signal 29 (SIGIO) received
2022/05/11 09:10:52 [notice] 1#1: signal 17 (SIGCHLD) received from 25
2022/05/11 09:10:52 [notice] 1#1: worker process 25 exited with code 0
2022/05/11 09:10:52 [notice] 1#1: exit
2022/05/11 09:11:02 [notice] 1#1: using the "epoll" event method
2022/05/11 09:11:02 [notice] 1#1: nginx/1.21.6
2022/05/11 09:11:02 [notice] 1#1: built by gcc 10.2.1 20210110 (Debian 10.2.1-6) 
2022/05/11 09:11:02 [notice] 1#1: OS: Linux 5.10.76-linuxkit
2022/05/11 09:11:02 [notice] 1#1: getrlimit(RLIMIT_NOFILE): 1048576:1048576
2022/05/11 09:11:02 [notice] 1#1: start worker processes
2022/05/11 09:11:02 [notice] 1#1: start worker process 22
2022/05/11 09:11:02 [notice] 1#1: start worker process 23
2022/05/11 09:11:02 [notice] 1#1: start worker process 24
2022/05/11 09:11:02 [notice] 1#1: start worker process 25
2022/05/11 09:11:12 [error] 23#23: *2 directory index of "/var/www/" is forbidden, client: 172.20.0.1, server: katalog, request: "GET / HTTP/1.1", host: "127.0.0.1"
2022/05/11 09:11:28 [error] 23#23: *2 directory index of "/var/www/" is forbidden, client: 172.20.0.1, server: katalog, request: "GET / HTTP/1.1", host: "127.0.0.1"
2022/05/11 09:13:12 [notice] 1#1: signal 3 (SIGQUIT) received, shutting down
2022/05/11 09:13:12 [notice] 22#22: gracefully shutting down
2022/05/11 09:13:12 [notice] 24#24: gracefully shutting down
2022/05/11 09:13:12 [notice] 24#24: exiting
2022/05/11 09:13:12 [notice] 25#25: gracefully shutting down
2022/05/11 09:13:12 [notice] 23#23: gracefully shutting down
2022/05/11 09:13:12 [notice] 23#23: exiting
2022/05/11 09:13:12 [notice] 22#22: exiting
2022/05/11 09:13:12 [notice] 24#24: exit
2022/05/11 09:13:12 [notice] 25#25: exiting
2022/05/11 09:13:12 [notice] 23#23: exit
2022/05/11 09:13:12 [notice] 22#22: exit
2022/05/11 09:13:12 [notice] 25#25: exit
2022/05/11 09:13:12 [notice] 1#1: signal 17 (SIGCHLD) received from 22
2022/05/11 09:13:12 [notice] 1#1: worker process 22 exited with code 0
2022/05/11 09:13:12 [notice] 1#1: worker process 23 exited with code 0
2022/05/11 09:13:12 [notice] 1#1: worker process 24 exited with code 0
2022/05/11 09:13:12 [notice] 1#1: worker process 25 exited with code 0
2022/05/11 09:13:12 [notice] 1#1: exit
2022/05/11 09:13:18 [notice] 1#1: using the "epoll" event method
2022/05/11 09:13:18 [notice] 1#1: nginx/1.21.6
2022/05/11 09:13:18 [notice] 1#1: built by gcc 10.2.1 20210110 (Debian 10.2.1-6) 
2022/05/11 09:13:18 [notice] 1#1: OS: Linux 5.10.76-linuxkit
2022/05/11 09:13:18 [notice] 1#1: getrlimit(RLIMIT_NOFILE): 1048576:1048576
2022/05/11 09:13:18 [notice] 1#1: start worker processes
2022/05/11 09:13:18 [notice] 1#1: start worker process 23
2022/05/11 09:13:18 [notice] 1#1: start worker process 24
2022/05/11 09:13:18 [notice] 1#1: start worker process 25
2022/05/11 09:13:18 [notice] 1#1: start worker process 26
2022/05/11 09:34:21 [error] 25#25: *8 open() "/var/www/katalog/web/css/style.css" failed (2: No such file or directory), client: 172.21.0.1, server: katalog, request: "GET /css/style.css HTTP/1.1", host: "127.0.0.1", referrer: "http://127.0.0.1/products"
2022/05/11 09:42:08 [error] 26#26: *10 open() "/var/www/katalog/web/css/style.css" failed (2: No such file or directory), client: 172.21.0.1, server: katalog, request: "GET /css/style.css HTTP/1.1", host: "127.0.0.1", referrer: "http://127.0.0.1/products"
2022/05/11 09:42:10 [error] 26#26: *10 open() "/var/www/katalog/web/css/style.css" failed (2: No such file or directory), client: 172.21.0.1, server: katalog, request: "GET /css/style.css HTTP/1.1", host: "127.0.0.1", referrer: "http://127.0.0.1/products"
2022/05/11 09:56:19 [error] 24#24: *14 open() "/var/www/katalog/web/css/style.css" failed (2: No such file or directory), client: 172.21.0.1, server: katalog, request: "GET /css/style.css HTTP/1.1", host: "127.0.0.1", referrer: "http://127.0.0.1/products"
2022/05/11 09:56:20 [error] 24#24: *14 open() "/var/www/katalog/web/css/style.css" failed (2: No such file or directory), client: 172.21.0.1, server: katalog, request: "GET /css/style.css HTTP/1.1", host: "127.0.0.1", referrer: "http://127.0.0.1/products"
2022/05/11 09:57:54 [error] 23#23: *18 open() "/var/www/katalog/web/css/style.css" failed (2: No such file or directory), client: 172.21.0.1, server: katalog, request: "GET /css/style.css HTTP/1.1", host: "127.0.0.1", referrer: "http://127.0.0.1/products"
2022/05/11 09:57:56 [error] 23#23: *18 open() "/var/www/katalog/web/css/style.css" failed (2: No such file or directory), client: 172.21.0.1, server: katalog, request: "GET /css/style.css HTTP/1.1", host: "127.0.0.1", referrer: "http://127.0.0.1/products"
2022/05/11 09:58:10 [error] 23#23: *19 open() "/var/www/katalog/web/css/style.css" failed (2: No such file or directory), client: 172.21.0.1, server: katalog, request: "GET /css/style.css HTTP/1.1", host: "127.0.0.1", referrer: "http://127.0.0.1/products"
2022/05/11 09:59:06 [error] 23#23: *19 open() "/var/www/katalog/web/css/style.css" failed (2: No such file or directory), client: 172.21.0.1, server: katalog, request: "GET /css/style.css HTTP/1.1", host: "127.0.0.1", referrer: "http://127.0.0.1/products"
2022/05/11 09:59:07 [error] 23#23: *19 open() "/var/www/katalog/web/css/style.css" failed (2: No such file or directory), client: 172.21.0.1, server: katalog, request: "GET /css/style.css HTTP/1.1", host: "127.0.0.1", referrer: "http://127.0.0.1/products"
2022/05/11 10:32:15 [error] 24#24: *34 FastCGI sent in stderr: "PHP message: An Error occurred while handling another error:
yii\web\HeadersAlreadySentException: Headers already sent in /var/www/katalog/controllers/ProductController.php on line 14. in /var/www/katalog/vendor/yiisoft/yii2/web/Response.php:368
Stack trace:
#0 /var/www/katalog/vendor/yiisoft/yii2/web/Response.php(341): yii\web\Response->sendHeaders()
#1 /var/www/katalog/vendor/yiisoft/yii2/web/ErrorHandler.php(136): yii\web\Res" while reading upstream, client: 172.21.0.1, server: katalog, request: "GET /products HTTP/1.1", upstream: "fastcgi://172.21.0.3:9000", host: "127.0.0.1"
2022/05/11 10:32:15 [error] 24#24: *34 FastCGI sent in stderr: "ponse->send()
#2 /var/www/katalog/vendor/yiisoft/yii2/base/ErrorHandler.php(135): yii\web\ErrorHandler->renderException(Object(yii\base\ErrorException))
#3 [internal function]: yii\base\ErrorHandler->handleException(Object(yii\base\ErrorException))
#4 {main}
Previous exception:
yii\base\ErrorException: Trying to access array offset on value of type null in /var/www/katalog/views/product/index.php:125
Stack trace:
#0 /var/www/katalog/views/product/index.php(125): yii\base\ErrorHandler->handleError(2, 'Trying to acces...', '/var/www/katalo...', 125)
#1 /var/www/katalog/vendor/yiisoft/yii2/base/View.php(347): require('/var/www/katalo...')
#2 /var/www/katalog/vendor/yiisoft/yii2/base/View.php(257): yii\base\View->renderPhpFile('/var/www/katalo...', Array)
#3 /var/www/katalog/vendor/yiisoft/yii2/base/View.php(156): yii\base\View->renderFile('/var/www/katalo...', Array, Object(app\controllers\ProductController))
#4 /var/www/katalog/vendor/yiisoft/yii2/base/Controller.php(407): yii\base\View->render('index', Array, Object(app\controllers\ProductController))
#5 /var/www/katalog/controllers/ProductController.php(16): yii\base\Controller->render('index', Array)
#6 [internal function]: app\controllers\ProductController->actionIndex()
#7 /var/www/katalog/vendor/yiisoft/yii2/base/InlineAction.php(57): call_user_func_array(Array, Array)
#8 /var/www/katalog/vendor/yiisoft/yii2/base/Controller.php(178): yii\base\InlineAction->runWithParams(Array)
#9 /var/www/katalog/vendor/yiisoft/yii2/base/Module.php(552): yii\base\Controller->runAction('index', Array)
#10 /var/www/katalog/vendor/yiisoft/yii2/web/Application.php(103): yii\base\Module->runAction('product/index', Array)
#11 /var/www/katalog/vendor/yiisoft/yii2/base/Application.php(384): yii\web\Application->handleRequest(Object(yii\web\Request))
#12 /var/www/katalog/web/index.php(12): yii\base\Application->run()
#13 {main}
$_SERVER = [
    'HOSTNAME' => 'fbb0fecea02e',
    'PHP_INI_DIR' => '/usr/local/etc/php',
    
2022/05/11 10:32:15 [error] 24#24: *34 FastCGI sent in stderr: "ME' => '/var/www/katalog/web/index.php',
    'REDIRECT_STATUS' => '200',
    'SERVER_NAME' => 'katalog',
    'SERVER_PORT' => '80',
    'SERVER_ADDR' => '172.21.0.4',
    'REMOTE_PORT' => '58960',
    'REMOTE_ADDR' => '172.21.0.1',
    'SERVER_SOFTWARE' => 'nginx/1.21.6',
    'GATEWAY_INTERFACE' => 'CGI/1.1',
    'REQUEST_SCHEME' => 'http',
    'SERVER_PROTOCOL' => 'HTTP/1.1',
    'DOCUMENT_ROOT' => '/var/www/katalog/web',
    'DOCUMENT_URI' => '/index.php',
    'REQUEST_URI' => '/products',
    'SCRIPT_NAME' => '/index.php',
    'CONTENT_LENGTH' => '',
    'CONTENT_TYPE' => '',
    'REQUEST_METHOD' => 'GET',
    'QUERY_STRING' => '',
    'FCGI_ROLE' => 'RESPONDER',
    'PHP_SELF' => '/index.php',
    'REQUEST_TIME_FLOAT' => 1652265135.280414,
    'REQUEST_TIME' => 1652265135,
    'argv' => [],
    'argc' => 0,
]" while reading upstream, client: 172.21.0.1, server: katalog, request: "GET /products HTTP/1.1", upstream: "fastcgi://172.21.0.3:9000", host: "127.0.0.1"
2022/05/11 12:24:19 [error] 24#24: *69 FastCGI sent in stderr: "PHP message: An Error occurred while handling another error:
yii\web\HeadersAlreadySentException: Headers already sent in /var/www/katalog/controllers/ProductController.php on line 17. in /var/www/katalog/vendor/yiisoft/yii2/web/Response.php:368
Stack trace:
#0 /var/www/katalog/vendor/yiisoft/yii2/web/Response.php(341): yii\web\Response->sendHeaders()
#1 /var/www/katalog/vendor/yiisoft/yii2/web/ErrorHandler.php(136): yii\web\Response->send()
#2 /var/www/katalog/vendor/yiisoft/yii2/base/ErrorHandler.php(135): yii\web\ErrorHandler->renderException(Object(yii\base\ErrorException))
#3 [internal function]: yii\base\ErrorHandler->handleException(Object(yii\base\ErrorException))
#4 {main}
Previous exception:
yii\base\ErrorException: Attempt to read property "name" on array in /var/www/katalog/controllers/ProductController.php:18
Stack trace:
#0 /var/www/katalog/controllers/ProductController.php(18): yii\base\ErrorHandler->handleError(2, 'Attempt to read...', '/var/www/katalo...', 18)
#1 [internal function]: app\controllers\ProductController->actionIndex()
#2 /var/www/katalog/vendor/yiisoft/yii2/base/InlineAction.php(57): call_user_func_array(Array, Array)
#3 /var/www/katalog/vendor/yiisoft/yii2/base/Controller.php(178): yii\base\InlineAction->runWithParams(Array)
#4 /var/www/katalog/vendor/yiisoft/yii2/base/Module.php(552): yii\base\Controller->runAction('index', Array)
#5 /var/www/katalog/vendor/yiisoft/yii2/web/Application.php(103): yii\base\Module->runAction('product/index', Array)
#6 /var/www/katalog/vendor/yiisoft/yii2/base/Application.php(384): yii\web\Application->handleRequest(Object(yii\web\Request))
#7 /var/www/katalog/web/index.php(12): yii\base\Application->run()
#8 {main}
$_SERVER = [
    'HOSTNAME' => 'fbb0fecea02e',
    'PHP_INI_DIR' => '/usr/local/etc/php',
    'HOME' => '/var/www',
    'PHP_LDFLAGS' => '-Wl,-O1 -pie',
    'PHP_CFLAGS' => '-fstack-protector-strong -fpic -fpie -O2 -D_LARGEFILE_SOURCE -D_FILE_OFFSET_BITS=64',
    'PHP_VERSION
2022/05/11 12:24:19 [error] 24#24: *69 FastCGI sent in stderr: "0B9698544 F1F692238FBC1666E5A5CCD4199F9DFEF6FFBAFD',
    'PHP_CPPFLAGS' => '-fstack-protector-strong -fpic -fpie -O2 -D_LARGEFILE_SOURCE -D_FILE_OFFSET_BITS=64',
    'PHP_ASC_URL' => 'https://www.php.net/distributions/php-8.1.2.tar.xz.asc',
    'PHP_URL' => 'https://www.php.net/distributions/php-8.1.2.tar.xz',
    'PATH' => '/usr/local/sbin:/usr/local/bin:/usr/sbin:/usr/bin:/sbin:/bin',
    'PHPIZE_DEPS' => 'autoconf 		dpkg-dev 		file 		g++ 		gcc 		libc-dev 		make 		pkg-config 		re2c',
    'PWD' => '/var/www',
    'PHP_SHA256' => '6b448242fd360c1a9f265b7263abf3da25d28f2b2b0f5465533b69be51a391dd',
    'USER' => 'www-data',
    'HTTP_COOKIE' => 'PHPSESSID=f21d214958c8517352fcde77e33d6dc5; _csrf=dd50e187e7027c0bfe0fe18e42b7ef3bedc83f19760e8b1ca55b12a3ca31e11ca%3A2%3A%7Bi%3A0%3Bs%3A5%3A%22_csrf%22%3Bi%3A1%3Bs%3A32%3A%22ipQwBuBV2S0_jYMP69HvQgWeEbk6ypsK%22%3B%7D',
    'HTTP_ACCEPT_LANGUAGE' => 'ru-RU,ru;q=0.9,en-US;q=0.8,en;q=0.7',
    'HTTP_ACCEPT_ENCODING' => 'gzip, deflate, br',
    'HTTP_SEC_FETCH_DEST' => 'document',
    'HTTP_SEC_FETCH_USER' => '?1',
    'HTTP_SEC_FETCH_MODE' => 'navigate',
    'HTTP_SEC_FETCH_SITE' => 'none',
    'HTTP_ACCEPT' => 'text/html,application/xhtml+xml,application/xml;q=0.9,image/avif,image/webp,image/apng,*/*;q=0.8,application/signed-exchange;v=b3;q=0.9',
    'HTTP_USER_AGENT' => 'Mozilla/5.0 (Macintosh; Intel Mac OS X 10_15_7) AppleWebKit/537.36 (KHTML, like Gecko) Chrome/98.0.4758.109 Safari/537.36',
    'HTTP_UPGRADE_INSECURE_REQUESTS' => '1',
    'HTTP_SEC_CH_UA_PLATFORM' => '"macOS"',
    'HTTP_SEC_CH_UA_MOBILE' => '?0',
    'HTTP_SEC_CH_UA' => '" Not A;Brand";v="99", "Chromium";v="98", "Google Chrome";v="98"',
    'HTTP_CACHE_CONTROL' => 'max-age=0',
    'HTTP_CONNECTION' => 'keep-alive',
    'HTTP_HOST' => '127.0.0.1',
    'PATH_INFO' => '',
    'SCRIPT_FILENAME' => '/var/www/katalog/web/index.php',
    'REDIRECT_STATUS' => '200',
    'SERVER_NAME' => 'katalog',
    'SERVER_PORT' => '80',
    'SERVER_ADDR' => '172
2022/05/11 12:24:53 [error] 24#24: *69 FastCGI sent in stderr: "PHP message: An Error occurred while handling another error:
yii\web\HeadersAlreadySentException: Headers already sent in /var/www/katalog/controllers/ProductController.php on line 17. in /var/www/katalog/vendor/yiisoft/yii2/web/Response.php:368
Stack trace:
#0 /var/www/katalog/vendor/yiisoft/yii2/web/Response.php(341): yii\web\Response->sendHeaders()
#1 /var/www/katalog/vendor/yiisoft/yii2/web/ErrorHandler.php(136): yii\web\Response->send()
#2 /var/www/katalog/vendor/yiisoft/yii2/base/ErrorHandler.php(135): yii\web\ErrorHandler->renderException(Object(yii\base\ErrorException))
#3 [internal function]: yii\base\ErrorHandler->handleException(Object(yii\base\ErrorException))
#4 {main}
Previous exception:
yii\base\ErrorException: Attempt to read property "name" on array in /var/www/katalog/controllers/ProductController.php:19
Stack trace:
#0 /var/www/katalog/controllers/ProductController.php(19): yii\base\ErrorHandler->handleError(2, 'Attempt to read...', '/var/www/katalo...', 19)
#1 [internal function]: app\controllers\ProductController->actionIndex()
#2 /var/www/katalog/vendor/yiisoft/yii2/base/InlineAction.php(57): call_user_func_array(Array, Array)
#3 /var/www/katalog/vendor/yiisoft/yii2/base/Controller.php(178): yii\base\InlineAction->runWithParams(Array)
#4 /var/www/katalog/vendor/yiisoft/yii2/base/Module.php(552): yii\base\Controller->runAction('index', Array)
#5 /var/www/katalog/vendor/yiisoft/yii2/web/Application.php(103): yii\base\Module->runAction('product/index', Array)
#6 /var/www/katalog/vendor/yiisoft/yii2/base/Application.php(384): yii\web\Application->handleRequest(Object(yii\web\Request))
#7 /var/www/katalog/web/index.php(12): yii\base\Application->run()
#8 {main}
$_SERVER = [
    'HOSTNAME' => 'fbb0fecea02e',
    'PHP_INI_DIR' => '/usr/local/etc/php',
    'HOME' => '/var/www',
    'PHP_LDFLAGS' => '-Wl,-O1 -pie',
    'PHP_CFLAGS' => '-fstack-protector-strong -fpic -fpie -O2 -D_LARGEFILE_SOURCE -D_FILE_OFFSET_BITS=64',
    'PHP_VERSION
2022/05/11 12:24:53 [error] 24#24: *69 FastCGI sent in stderr: "0B9698544 F1F692238FBC1666E5A5CCD4199F9DFEF6FFBAFD',
    'PHP_CPPFLAGS' => '-fstack-protector-strong -fpic -fpie -O2 -D_LARGEFILE_SOURCE -D_FILE_OFFSET_BITS=64',
    'PHP_ASC_URL' => 'https://www.php.net/distributions/php-8.1.2.tar.xz.asc',
    'PHP_URL' => 'https://www.php.net/distributions/php-8.1.2.tar.xz',
    'PATH' => '/usr/local/sbin:/usr/local/bin:/usr/sbin:/usr/bin:/sbin:/bin',
    'PHPIZE_DEPS' => 'autoconf 		dpkg-dev 		file 		g++ 		gcc 		libc-dev 		make 		pkg-config 		re2c',
    'PWD' => '/var/www',
    'PHP_SHA256' => '6b448242fd360c1a9f265b7263abf3da25d28f2b2b0f5465533b69be51a391dd',
    'USER' => 'www-data',
    'HTTP_COOKIE' => 'PHPSESSID=f21d214958c8517352fcde77e33d6dc5; _csrf=dd50e187e7027c0bfe0fe18e42b7ef3bedc83f19760e8b1ca55b12a3ca31e11ca%3A2%3A%7Bi%3A0%3Bs%3A5%3A%22_csrf%22%3Bi%3A1%3Bs%3A32%3A%22ipQwBuBV2S0_jYMP69HvQgWeEbk6ypsK%22%3B%7D',
    'HTTP_ACCEPT_LANGUAGE' => 'ru-RU,ru;q=0.9,en-US;q=0.8,en;q=0.7',
    'HTTP_ACCEPT_ENCODING' => 'gzip, deflate, br',
    'HTTP_SEC_FETCH_DEST' => 'document',
    'HTTP_SEC_FETCH_USER' => '?1',
    'HTTP_SEC_FETCH_MODE' => 'navigate',
    'HTTP_SEC_FETCH_SITE' => 'none',
    'HTTP_ACCEPT' => 'text/html,application/xhtml+xml,application/xml;q=0.9,image/avif,image/webp,image/apng,*/*;q=0.8,application/signed-exchange;v=b3;q=0.9',
    'HTTP_USER_AGENT' => 'Mozilla/5.0 (Macintosh; Intel Mac OS X 10_15_7) AppleWebKit/537.36 (KHTML, like Gecko) Chrome/98.0.4758.109 Safari/537.36',
    'HTTP_UPGRADE_INSECURE_REQUESTS' => '1',
    'HTTP_SEC_CH_UA_PLATFORM' => '"macOS"',
    'HTTP_SEC_CH_UA_MOBILE' => '?0',
    'HTTP_SEC_CH_UA' => '" Not A;Brand";v="99", "Chromium";v="98", "Google Chrome";v="98"',
    'HTTP_CACHE_CONTROL' => 'max-age=0',
    'HTTP_CONNECTION' => 'keep-alive',
    'HTTP_HOST' => '127.0.0.1',
    'PATH_INFO' => '',
    'SCRIPT_FILENAME' => '/var/www/katalog/web/index.php',
    'REDIRECT_STATUS' => '200',
    'SERVER_NAME' => 'katalog',
    'SERVER_PORT' => '80',
    'SERVER_ADDR' => '172
2022/05/11 12:24:53 [error] 24#24: *69 FastCGI sent in stderr: "PHP message: An Error occurred while handling another error:
yii\web\HeadersAlreadySentException: Headers already sent in /var/www/katalog/controllers/ProductController.php on line 17. in /var/www/katalog/vendor/yiisoft/yii2/web/Response.php:368
Stack trace:
#0 /var/www/katalog/vendor/yiisoft/yii2/web/Response.php(341): yii\web\Response->sendHeaders()
#1 /var/www/katalog/vendor/yiisoft/yii2/web/ErrorHandler.php(136): yii\web\Response->send()
#2 /var/www/katalog/vendor/yiisoft/yii2/base/ErrorHandler.php(135): yii\web\ErrorHandler->renderException(Object(yii\base\ErrorException))
#3 [internal function]: yii\base\ErrorHandler->handleException(Object(yii\base\ErrorException))
#4 {main}
Previous exception:
yii\base\ErrorException: Attempt to read property "name" on array in /var/www/katalog/controllers/ProductController.php:19
Stack trace:
#0 /var/www/katalog/controllers/ProductController.php(19): yii\base\ErrorHandler->handleError(2, 'Attempt to read...', '/var/www/katalo...', 19)
#1 [internal function]: app\controllers\ProductController->actionIndex()
#2 /var/www/katalog/vendor/yiisoft/yii2/base/InlineAction.php(57): call_user_func_array(Array, Array)
#3 /var/www/katalog/vendor/yiisoft/yii2/base/Controller.php(178): yii\base\InlineAction->runWithParams(Array)
#4 /var/www/katalog/vendor/yiisoft/yii2/base/Module.php(552): yii\base\Controller->runAction('index', Array)
#5 /var/www/katalog/vendor/yiisoft/yii2/web/Application.php(103): yii\base\Module->runAction('product/index', Array)
#6 /var/www/katalog/vendor/yiisoft/yii2/base/Application.php(384): yii\web\Application->handleRequest(Object(yii\web\Request))
#7 /var/www/katalog/web/index.php(12): yii\base\Application->run()
#8 {main}
$_SERVER = [
    'HOSTNAME' => 'fbb0fecea02e',
    'PHP_INI_DIR' => '/usr/local/etc/php',
    'HOME' => '/var/www',
    'PHP_LDFLAGS' => '-Wl,-O1 -pie',
    'PHP_CFLAGS' => '-fstack-protector-strong -fpic -fpie -O2 -D_LARGEFILE_SOURCE -D_FILE_OFFSET_BITS=64',
    'PHP_VERSION
2022/05/11 12:24:53 [error] 24#24: *69 FastCGI sent in stderr: "0B9698544 F1F692238FBC1666E5A5CCD4199F9DFEF6FFBAFD',
    'PHP_CPPFLAGS' => '-fstack-protector-strong -fpic -fpie -O2 -D_LARGEFILE_SOURCE -D_FILE_OFFSET_BITS=64',
    'PHP_ASC_URL' => 'https://www.php.net/distributions/php-8.1.2.tar.xz.asc',
    'PHP_URL' => 'https://www.php.net/distributions/php-8.1.2.tar.xz',
    'PATH' => '/usr/local/sbin:/usr/local/bin:/usr/sbin:/usr/bin:/sbin:/bin',
    'PHPIZE_DEPS' => 'autoconf 		dpkg-dev 		file 		g++ 		gcc 		libc-dev 		make 		pkg-config 		re2c',
    'PWD' => '/var/www',
    'PHP_SHA256' => '6b448242fd360c1a9f265b7263abf3da25d28f2b2b0f5465533b69be51a391dd',
    'USER' => 'www-data',
    'HTTP_COOKIE' => 'PHPSESSID=f21d214958c8517352fcde77e33d6dc5; _csrf=dd50e187e7027c0bfe0fe18e42b7ef3bedc83f19760e8b1ca55b12a3ca31e11ca%3A2%3A%7Bi%3A0%3Bs%3A5%3A%22_csrf%22%3Bi%3A1%3Bs%3A32%3A%22ipQwBuBV2S0_jYMP69HvQgWeEbk6ypsK%22%3B%7D',
    'HTTP_ACCEPT_LANGUAGE' => 'ru-RU,ru;q=0.9,en-US;q=0.8,en;q=0.7',
    'HTTP_ACCEPT_ENCODING' => 'gzip, deflate, br',
    'HTTP_SEC_FETCH_DEST' => 'document',
    'HTTP_SEC_FETCH_USER' => '?1',
    'HTTP_SEC_FETCH_MODE' => 'navigate',
    'HTTP_SEC_FETCH_SITE' => 'none',
    'HTTP_ACCEPT' => 'text/html,application/xhtml+xml,application/xml;q=0.9,image/avif,image/webp,image/apng,*/*;q=0.8,application/signed-exchange;v=b3;q=0.9',
    'HTTP_USER_AGENT' => 'Mozilla/5.0 (Macintosh; Intel Mac OS X 10_15_7) AppleWebKit/537.36 (KHTML, like Gecko) Chrome/98.0.4758.109 Safari/537.36',
    'HTTP_UPGRADE_INSECURE_REQUESTS' => '1',
    'HTTP_SEC_CH_UA_PLATFORM' => '"macOS"',
    'HTTP_SEC_CH_UA_MOBILE' => '?0',
    'HTTP_SEC_CH_UA' => '" Not A;Brand";v="99", "Chromium";v="98", "Google Chrome";v="98"',
    'HTTP_CACHE_CONTROL' => 'max-age=0',
    'HTTP_CONNECTION' => 'keep-alive',
    'HTTP_HOST' => '127.0.0.1',
    'PATH_INFO' => '',
    'SCRIPT_FILENAME' => '/var/www/katalog/web/index.php',
    'REDIRECT_STATUS' => '200',
    'SERVER_NAME' => 'katalog',
    'SERVER_PORT' => '80',
    'SERVER_ADDR' => '172
2022/05/11 12:24:54 [error] 24#24: *69 FastCGI sent in stderr: "PHP message: An Error occurred while handling another error:
yii\web\HeadersAlreadySentException: Headers already sent in /var/www/katalog/controllers/ProductController.php on line 17. in /var/www/katalog/vendor/yiisoft/yii2/web/Response.php:368
Stack trace:
#0 /var/www/katalog/vendor/yiisoft/yii2/web/Response.php(341): yii\web\Response->sendHeaders()
#1 /var/www/katalog/vendor/yiisoft/yii2/web/ErrorHandler.php(136): yii\web\Response->send()
#2 /var/www/katalog/vendor/yiisoft/yii2/base/ErrorHandler.php(135): yii\web\ErrorHandler->renderException(Object(yii\base\ErrorException))
#3 [internal function]: yii\base\ErrorHandler->handleException(Object(yii\base\ErrorException))
#4 {main}
Previous exception:
yii\base\ErrorException: Attempt to read property "name" on array in /var/www/katalog/controllers/ProductController.php:19
Stack trace:
#0 /var/www/katalog/controllers/ProductController.php(19): yii\base\ErrorHandler->handleError(2, 'Attempt to read...', '/var/www/katalo...', 19)
#1 [internal function]: app\controllers\ProductController->actionIndex()
#2 /var/www/katalog/vendor/yiisoft/yii2/base/InlineAction.php(57): call_user_func_array(Array, Array)
#3 /var/www/katalog/vendor/yiisoft/yii2/base/Controller.php(178): yii\base\InlineAction->runWithParams(Array)
#4 /var/www/katalog/vendor/yiisoft/yii2/base/Module.php(552): yii\base\Controller->runAction('index', Array)
#5 /var/www/katalog/vendor/yiisoft/yii2/web/Application.php(103): yii\base\Module->runAction('product/index', Array)
#6 /var/www/katalog/vendor/yiisoft/yii2/base/Application.php(384): yii\web\Application->handleRequest(Object(yii\web\Request))
#7 /var/www/katalog/web/index.php(12): yii\base\Application->run()
#8 {main}
$_SERVER = [
    'HOSTNAME' => 'fbb0fecea02e',
    'PHP_INI_DIR' => '/usr/local/etc/php',
    'HOME' => '/var/www',
    'PHP_LDFLAGS' => '-Wl,-O1 -pie',
    'PHP_CFLAGS' => '-fstack-protector-strong -fpic -fpie -O2 -D_LARGEFILE_SOURCE -D_FILE_OFFSET_BITS=64',
    'PHP_VERSION
2022/05/11 12:24:54 [error] 24#24: *69 FastCGI sent in stderr: "0B9698544 F1F692238FBC1666E5A5CCD4199F9DFEF6FFBAFD',
    'PHP_CPPFLAGS' => '-fstack-protector-strong -fpic -fpie -O2 -D_LARGEFILE_SOURCE -D_FILE_OFFSET_BITS=64',
    'PHP_ASC_URL' => 'https://www.php.net/distributions/php-8.1.2.tar.xz.asc',
    'PHP_URL' => 'https://www.php.net/distributions/php-8.1.2.tar.xz',
    'PATH' => '/usr/local/sbin:/usr/local/bin:/usr/sbin:/usr/bin:/sbin:/bin',
    'PHPIZE_DEPS' => 'autoconf 		dpkg-dev 		file 		g++ 		gcc 		libc-dev 		make 		pkg-config 		re2c',
    'PWD' => '/var/www',
    'PHP_SHA256' => '6b448242fd360c1a9f265b7263abf3da25d28f2b2b0f5465533b69be51a391dd',
    'USER' => 'www-data',
    'HTTP_COOKIE' => 'PHPSESSID=f21d214958c8517352fcde77e33d6dc5; _csrf=dd50e187e7027c0bfe0fe18e42b7ef3bedc83f19760e8b1ca55b12a3ca31e11ca%3A2%3A%7Bi%3A0%3Bs%3A5%3A%22_csrf%22%3Bi%3A1%3Bs%3A32%3A%22ipQwBuBV2S0_jYMP69HvQgWeEbk6ypsK%22%3B%7D',
    'HTTP_ACCEPT_LANGUAGE' => 'ru-RU,ru;q=0.9,en-US;q=0.8,en;q=0.7',
    'HTTP_ACCEPT_ENCODING' => 'gzip, deflate, br',
    'HTTP_SEC_FETCH_DEST' => 'document',
    'HTTP_SEC_FETCH_USER' => '?1',
    'HTTP_SEC_FETCH_MODE' => 'navigate',
    'HTTP_SEC_FETCH_SITE' => 'none',
    'HTTP_ACCEPT' => 'text/html,application/xhtml+xml,application/xml;q=0.9,image/avif,image/webp,image/apng,*/*;q=0.8,application/signed-exchange;v=b3;q=0.9',
    'HTTP_USER_AGENT' => 'Mozilla/5.0 (Macintosh; Intel Mac OS X 10_15_7) AppleWebKit/537.36 (KHTML, like Gecko) Chrome/98.0.4758.109 Safari/537.36',
    'HTTP_UPGRADE_INSECURE_REQUESTS' => '1',
    'HTTP_SEC_CH_UA_PLATFORM' => '"macOS"',
    'HTTP_SEC_CH_UA_MOBILE' => '?0',
    'HTTP_SEC_CH_UA' => '" Not A;Brand";v="99", "Chromium";v="98", "Google Chrome";v="98"',
    'HTTP_CACHE_CONTROL' => 'max-age=0',
    'HTTP_CONNECTION' => 'keep-alive',
    'HTTP_HOST' => '127.0.0.1',
    'PATH_INFO' => '',
    'SCRIPT_FILENAME' => '/var/www/katalog/web/index.php',
    'REDIRECT_STATUS' => '200',
    'SERVER_NAME' => 'katalog',
    'SERVER_PORT' => '80',
    'SERVER_ADDR' => '172
2022/05/11 12:25:46 [error] 24#24: *69 FastCGI sent in stderr: "PHP message: An Error occurred while handling another error:
yii\web\HeadersAlreadySentException: Headers already sent in /var/www/katalog/controllers/ProductController.php on line 17. in /var/www/katalog/vendor/yiisoft/yii2/web/Response.php:368
Stack trace:
#0 /var/www/katalog/vendor/yiisoft/yii2/web/Response.php(341): yii\web\Response->sendHeaders()
#1 /var/www/katalog/vendor/yiisoft/yii2/web/ErrorHandler.php(136): yii\web\Response->send()
#2 /var/www/katalog/vendor/yiisoft/yii2/base/ErrorHandler.php(135): yii\web\ErrorHandler->renderException(Object(yii\base\ErrorException))
#3 [internal function]: yii\base\ErrorHandler->handleException(Object(yii\base\ErrorException))
#4 {main}
Previous exception:
yii\base\ErrorException: Attempt to read property "name" on array in /var/www/katalog/controllers/ProductController.php:19
Stack trace:
#0 /var/www/katalog/controllers/ProductController.php(19): yii\base\ErrorHandler->handleError(2, 'Attempt to read...', '/var/www/katalo...', 19)
#1 [internal function]: app\controllers\ProductController->actionIndex()
#2 /var/www/katalog/vendor/yiisoft/yii2/base/InlineAction.php(57): call_user_func_array(Array, Array)
#3 /var/www/katalog/vendor/yiisoft/yii2/base/Controller.php(178): yii\base\InlineAction->runWithParams(Array)
#4 /var/www/katalog/vendor/yiisoft/yii2/base/Module.php(552): yii\base\Controller->runAction('index', Array)
#5 /var/www/katalog/vendor/yiisoft/yii2/web/Application.php(103): yii\base\Module->runAction('product/index', Array)
#6 /var/www/katalog/vendor/yiisoft/yii2/base/Application.php(384): yii\web\Application->handleRequest(Object(yii\web\Request))
#7 /var/www/katalog/web/index.php(12): yii\base\Application->run()
#8 {main}
$_SERVER = [
    'HOSTNAME' => 'fbb0fecea02e',
    'PHP_INI_DIR' => '/usr/local/etc/php',
    'HOME' => '/var/www',
    'PHP_LDFLAGS' => '-Wl,-O1 -pie',
    'PHP_CFLAGS' => '-fstack-protector-strong -fpic -fpie -O2 -D_LARGEFILE_SOURCE -D_FILE_OFFSET_BITS=64',
    'PHP_VERSION
2022/05/11 12:25:46 [error] 24#24: *69 FastCGI sent in stderr: "0B9698544 F1F692238FBC1666E5A5CCD4199F9DFEF6FFBAFD',
    'PHP_CPPFLAGS' => '-fstack-protector-strong -fpic -fpie -O2 -D_LARGEFILE_SOURCE -D_FILE_OFFSET_BITS=64',
    'PHP_ASC_URL' => 'https://www.php.net/distributions/php-8.1.2.tar.xz.asc',
    'PHP_URL' => 'https://www.php.net/distributions/php-8.1.2.tar.xz',
    'PATH' => '/usr/local/sbin:/usr/local/bin:/usr/sbin:/usr/bin:/sbin:/bin',
    'PHPIZE_DEPS' => 'autoconf 		dpkg-dev 		file 		g++ 		gcc 		libc-dev 		make 		pkg-config 		re2c',
    'PWD' => '/var/www',
    'PHP_SHA256' => '6b448242fd360c1a9f265b7263abf3da25d28f2b2b0f5465533b69be51a391dd',
    'USER' => 'www-data',
    'HTTP_COOKIE' => 'PHPSESSID=f21d214958c8517352fcde77e33d6dc5; _csrf=dd50e187e7027c0bfe0fe18e42b7ef3bedc83f19760e8b1ca55b12a3ca31e11ca%3A2%3A%7Bi%3A0%3Bs%3A5%3A%22_csrf%22%3Bi%3A1%3Bs%3A32%3A%22ipQwBuBV2S0_jYMP69HvQgWeEbk6ypsK%22%3B%7D',
    'HTTP_ACCEPT_LANGUAGE' => 'ru-RU,ru;q=0.9,en-US;q=0.8,en;q=0.7',
    'HTTP_ACCEPT_ENCODING' => 'gzip, deflate, br',
    'HTTP_SEC_FETCH_DEST' => 'document',
    'HTTP_SEC_FETCH_USER' => '?1',
    'HTTP_SEC_FETCH_MODE' => 'navigate',
    'HTTP_SEC_FETCH_SITE' => 'none',
    'HTTP_ACCEPT' => 'text/html,application/xhtml+xml,application/xml;q=0.9,image/avif,image/webp,image/apng,*/*;q=0.8,application/signed-exchange;v=b3;q=0.9',
    'HTTP_USER_AGENT' => 'Mozilla/5.0 (Macintosh; Intel Mac OS X 10_15_7) AppleWebKit/537.36 (KHTML, like Gecko) Chrome/98.0.4758.109 Safari/537.36',
    'HTTP_UPGRADE_INSECURE_REQUESTS' => '1',
    'HTTP_SEC_CH_UA_PLATFORM' => '"macOS"',
    'HTTP_SEC_CH_UA_MOBILE' => '?0',
    'HTTP_SEC_CH_UA' => '" Not A;Brand";v="99", "Chromium";v="98", "Google Chrome";v="98"',
    'HTTP_CACHE_CONTROL' => 'max-age=0',
    'HTTP_CONNECTION' => 'keep-alive',
    'HTTP_HOST' => '127.0.0.1',
    'PATH_INFO' => '',
    'SCRIPT_FILENAME' => '/var/www/katalog/web/index.php',
    'REDIRECT_STATUS' => '200',
    'SERVER_NAME' => 'katalog',
    'SERVER_PORT' => '80',
    'SERVER_ADDR' => '172
2022/05/11 12:30:55 [error] 25#25: *82 FastCGI sent in stderr: "PHP message: An Error occurred while handling another error:
yii\web\HeadersAlreadySentException: Headers already sent in /var/www/katalog/controllers/ProductController.php on line 18. in /var/www/katalog/vendor/yiisoft/yii2/web/Response.php:368
Stack trace:
#0 /var/www/katalog/vendor/yiisoft/yii2/web/Response.php(341): yii\web\Response->sendHeaders()
#1 /var/www/katalog/vendor/yiisoft/yii2/web/ErrorHandler.php(136): yii\web\Response->send()
#2 /var/www/katalog/vendor/yiisoft/yii2/base/ErrorHandler.php(135): yii\web\ErrorHandler->renderException(Object(yii\base\ErrorException))
#3 [internal function]: yii\base\ErrorHandler->handleException(Object(yii\base\ErrorException))
#4 {main}
Previous exception:
yii\base\ErrorException: Attempt to read property "name" on array in /var/www/katalog/controllers/ProductController.php:20
Stack trace:
#0 /var/www/katalog/controllers/ProductController.php(20): yii\base\ErrorHandler->handleError(2, 'Attempt to read...', '/var/www/katalo...', 20)
#1 [internal function]: app\controllers\ProductController->actionIndex()
#2 /var/www/katalog/vendor/yiisoft/yii2/base/InlineAction.php(57): call_user_func_array(Array, Array)
#3 /var/www/katalog/vendor/yiisoft/yii2/base/Controller.php(178): yii\base\InlineAction->runWithParams(Array)
#4 /var/www/katalog/vendor/yiisoft/yii2/base/Module.php(552): yii\base\Controller->runAction('index', Array)
#5 /var/www/katalog/vendor/yiisoft/yii2/web/Application.php(103): yii\base\Module->runAction('product/index', Array)
#6 /var/www/katalog/vendor/yiisoft/yii2/base/Application.php(384): yii\web\Application->handleRequest(Object(yii\web\Request))
#7 /var/www/katalog/web/index.php(12): yii\base\Application->run()
#8 {main}
$_SERVER = [
    'HOSTNAME' => 'fbb0fecea02e',
    'PHP_INI_DIR' => '/usr/local/etc/php',
    'HOME' => '/var/www',
    'PHP_LDFLAGS' => '-Wl,-O1 -pie',
    'PHP_CFLAGS' => '-fstack-protector-strong -fpic -fpie -O2 -D_LARGEFILE_SOURCE -D_FILE_OFFSET_BITS=64',
    'PHP_VERSION
2022/05/11 12:30:55 [error] 25#25: *82 FastCGI sent in stderr: "238FBC1666E5A5CCD4199F9DFEF6FFBAFD',
    'PHP_CPPFLAGS' => '-fstack-protector-strong -fpic -fpie -O2 -D_LARGEFILE_SOURCE -D_FILE_OFFSET_BITS=64',
    'PHP_ASC_URL' => 'https://www.php.net/distributions/php-8.1.2.tar.xz.asc',
    'PHP_URL' => 'https://www.php.net/distributions/php-8.1.2.tar.xz',
    'PATH' => '/usr/local/sbin:/usr/local/bin:/usr/sbin:/usr/bin:/sbin:/bin',
    'PHPIZE_DEPS' => 'autoconf 		dpkg-dev 		file 		g++ 		gcc 		libc-dev 		make 		pkg-config 		re2c',
    'PWD' => '/var/www',
    'PHP_SHA256' => '6b448242fd360c1a9f265b7263abf3da25d28f2b2b0f5465533b69be51a391dd',
    'USER' => 'www-data',
    'HTTP_COOKIE' => 'PHPSESSID=f21d214958c8517352fcde77e33d6dc5; _csrf=dd50e187e7027c0bfe0fe18e42b7ef3bedc83f19760e8b1ca55b12a3ca31e11ca%3A2%3A%7Bi%3A0%3Bs%3A5%3A%22_csrf%22%3Bi%3A1%3Bs%3A32%3A%22ipQwBuBV2S0_jYMP69HvQgWeEbk6ypsK%22%3B%7D',
    'HTTP_ACCEPT_LANGUAGE' => 'ru-RU,ru;q=0.9,en-US;q=0.8,en;q=0.7',
    'HTTP_ACCEPT_ENCODING' => 'gzip, deflate, br',
    'HTTP_SEC_FETCH_DEST' => 'document',
    'HTTP_SEC_FETCH_USER' => '?1',
    'HTTP_SEC_FETCH_MODE' => 'navigate',
    'HTTP_SEC_FETCH_SITE' => 'none',
    'HTTP_ACCEPT' => 'text/html,application/xhtml+xml,application/xml;q=0.9,image/avif,image/webp,image/apng,*/*;q=0.8,application/signed-exchange;v=b3;q=0.9',
    'HTTP_USER_AGENT' => 'Mozilla/5.0 (Macintosh; Intel Mac OS X 10_15_7) AppleWebKit/537.36 (KHTML, like Gecko) Chrome/98.0.4758.109 Safari/537.36',
    'HTTP_UPGRADE_INSECURE_REQUESTS' => '1',
    'HTTP_SEC_CH_UA_PLATFORM' => '"macOS"',
    'HTTP_SEC_CH_UA_MOBILE' => '?0',
    'HTTP_SEC_CH_UA' => '" Not A;Brand";v="99", "Chromium";v="98", "Google Chrome";v="98"',
    'HTTP_CACHE_CONTROL' => 'max-age=0',
    'HTTP_CONNECTION' => 'keep-alive',
    'HTTP_HOST' => '127.0.0.1',
    'PATH_INFO' => '',
    'SCRIPT_FILENAME' => '/var/www/katalog/web/index.php',
    'REDIRECT_STATUS' => '200',
    'SERVER_NAME' => 'katalog',
    'SERVER_PORT' => '80',
    'SERVER_ADDR' => '172.21.0.4',
    'R
2022/05/11 12:31:42 [error] 25#25: *82 FastCGI sent in stderr: "PHP message: An Error occurred while handling another error:
yii\web\HeadersAlreadySentException: Headers already sent in /var/www/katalog/controllers/ProductController.php on line 18. in /var/www/katalog/vendor/yiisoft/yii2/web/Response.php:368
Stack trace:
#0 /var/www/katalog/vendor/yiisoft/yii2/web/Response.php(341): yii\web\Response->sendHeaders()
#1 /var/www/katalog/vendor/yiisoft/yii2/web/ErrorHandler.php(136): yii\web\Response->send()
#2 /var/www/katalog/vendor/yiisoft/yii2/base/ErrorHandler.php(135): yii\web\ErrorHandler->renderException(Object(yii\base\ErrorException))
#3 [internal function]: yii\base\ErrorHandler->handleException(Object(yii\base\ErrorException))
#4 {main}
Previous exception:
yii\base\ErrorException: Undefined array key "name" in /var/www/katalog/controllers/ProductController.php:20
Stack trace:
#0 /var/www/katalog/controllers/ProductController.php(20): yii\base\ErrorHandler->handleError(2, 'Undefined array...', '/var/www/katalo...', 20)
#1 [internal function]: app\controllers\ProductController->actionIndex()
#2 /var/www/katalog/vendor/yiisoft/yii2/base/InlineAction.php(57): call_user_func_array(Array, Array)
#3 /var/www/katalog/vendor/yiisoft/yii2/base/Controller.php(178): yii\base\InlineAction->runWithParams(Array)
#4 /var/www/katalog/vendor/yiisoft/yii2/base/Module.php(552): yii\base\Controller->runAction('index', Array)
#5 /var/www/katalog/vendor/yiisoft/yii2/web/Application.php(103): yii\base\Module->runAction('product/index', Array)
#6 /var/www/katalog/vendor/yiisoft/yii2/base/Application.php(384): yii\web\Application->handleRequest(Object(yii\web\Request))
#7 /var/www/katalog/web/index.php(12): yii\base\Application->run()
#8 {main}
$_SERVER = [
    'HOSTNAME' => 'fbb0fecea02e',
    'PHP_INI_DIR' => '/usr/local/etc/php',
    'HOME' => '/var/www',
    'PHP_LDFLAGS' => '-Wl,-O1 -pie',
    'PHP_CFLAGS' => '-fstack-protector-strong -fpic -fpie -O2 -D_LARGEFILE_SOURCE -D_FILE_OFFSET_BITS=64',
    'PHP_VERSION' => '8.1.2',

2022/05/11 12:31:42 [error] 25#25: *82 FastCGI sent in stderr: "BAFD',
    'PHP_CPPFLAGS' => '-fstack-protector-strong -fpic -fpie -O2 -D_LARGEFILE_SOURCE -D_FILE_OFFSET_BITS=64',
    'PHP_ASC_URL' => 'https://www.php.net/distributions/php-8.1.2.tar.xz.asc',
    'PHP_URL' => 'https://www.php.net/distributions/php-8.1.2.tar.xz',
    'PATH' => '/usr/local/sbin:/usr/local/bin:/usr/sbin:/usr/bin:/sbin:/bin',
    'PHPIZE_DEPS' => 'autoconf 		dpkg-dev 		file 		g++ 		gcc 		libc-dev 		make 		pkg-config 		re2c',
    'PWD' => '/var/www',
    'PHP_SHA256' => '6b448242fd360c1a9f265b7263abf3da25d28f2b2b0f5465533b69be51a391dd',
    'USER' => 'www-data',
    'HTTP_COOKIE' => 'PHPSESSID=f21d214958c8517352fcde77e33d6dc5; _csrf=dd50e187e7027c0bfe0fe18e42b7ef3bedc83f19760e8b1ca55b12a3ca31e11ca%3A2%3A%7Bi%3A0%3Bs%3A5%3A%22_csrf%22%3Bi%3A1%3Bs%3A32%3A%22ipQwBuBV2S0_jYMP69HvQgWeEbk6ypsK%22%3B%7D',
    'HTTP_ACCEPT_LANGUAGE' => 'ru-RU,ru;q=0.9,en-US;q=0.8,en;q=0.7',
    'HTTP_ACCEPT_ENCODING' => 'gzip, deflate, br',
    'HTTP_SEC_FETCH_DEST' => 'document',
    'HTTP_SEC_FETCH_USER' => '?1',
    'HTTP_SEC_FETCH_MODE' => 'navigate',
    'HTTP_SEC_FETCH_SITE' => 'none',
    'HTTP_ACCEPT' => 'text/html,application/xhtml+xml,application/xml;q=0.9,image/avif,image/webp,image/apng,*/*;q=0.8,application/signed-exchange;v=b3;q=0.9',
    'HTTP_USER_AGENT' => 'Mozilla/5.0 (Macintosh; Intel Mac OS X 10_15_7) AppleWebKit/537.36 (KHTML, like Gecko) Chrome/98.0.4758.109 Safari/537.36',
    'HTTP_UPGRADE_INSECURE_REQUESTS' => '1',
    'HTTP_SEC_CH_UA_PLATFORM' => '"macOS"',
    'HTTP_SEC_CH_UA_MOBILE' => '?0',
    'HTTP_SEC_CH_UA' => '" Not A;Brand";v="99", "Chromium";v="98", "Google Chrome";v="98"',
    'HTTP_CACHE_CONTROL' => 'max-age=0',
    'HTTP_CONNECTION' => 'keep-alive',
    'HTTP_HOST' => '127.0.0.1',
    'PATH_INFO' => '',
    'SCRIPT_FILENAME' => '/var/www/katalog/web/index.php',
    'REDIRECT_STATUS' => '200',
    'SERVER_NAME' => 'katalog',
    'SERVER_PORT' => '80',
    'SERVER_ADDR' => '172.21.0.4',
    'REMOTE_PORT' => '59116',
    'R
2022/05/11 12:33:35 [error] 25#25: *82 FastCGI sent in stderr: "PHP message: An Error occurred while handling another error:
yii\web\HeadersAlreadySentException: Headers already sent in /var/www/katalog/controllers/ProductController.php on line 18. in /var/www/katalog/vendor/yiisoft/yii2/web/Response.php:368
Stack trace:
#0 /var/www/katalog/vendor/yiisoft/yii2/web/Response.php(341): yii\web\Response->sendHeaders()
#1 /var/www/katalog/vendor/yiisoft/yii2/web/ErrorHandler.php(136): yii\web\Response->send()
#2 /var/www/katalog/vendor/yiisoft/yii2/base/ErrorHandler.php(135): yii\web\ErrorHandler->renderException(Object(yii\base\ErrorException))
#3 [internal function]: yii\base\ErrorHandler->handleException(Object(yii\base\ErrorException))
#4 {main}
Previous exception:
yii\base\ErrorException: Attempt to read property "id" on array in /var/www/katalog/controllers/ProductController.php:20
Stack trace:
#0 /var/www/katalog/controllers/ProductController.php(20): yii\base\ErrorHandler->handleError(2, 'Attempt to read...', '/var/www/katalo...', 20)
#1 [internal function]: app\controllers\ProductController->actionIndex()
#2 /var/www/katalog/vendor/yiisoft/yii2/base/InlineAction.php(57): call_user_func_array(Array, Array)
#3 /var/www/katalog/vendor/yiisoft/yii2/base/Controller.php(178): yii\base\InlineAction->runWithParams(Array)
#4 /var/www/katalog/vendor/yiisoft/yii2/base/Module.php(552): yii\base\Controller->runAction('index', Array)
#5 /var/www/katalog/vendor/yiisoft/yii2/web/Application.php(103): yii\base\Module->runAction('product/index', Array)
#6 /var/www/katalog/vendor/yiisoft/yii2/base/Application.php(384): yii\web\Application->handleRequest(Object(yii\web\Request))
#7 /var/www/katalog/web/index.php(12): yii\base\Application->run()
#8 {main}
$_SERVER = [
    'HOSTNAME' => 'fbb0fecea02e',
    'PHP_INI_DIR' => '/usr/local/etc/php',
    'HOME' => '/var/www',
    'PHP_LDFLAGS' => '-Wl,-O1 -pie',
    'PHP_CFLAGS' => '-fstack-protector-strong -fpic -fpie -O2 -D_LARGEFILE_SOURCE -D_FILE_OFFSET_BITS=64',
    'PHP_VERSION' 
2022/05/11 12:33:35 [error] 25#25: *82 FastCGI sent in stderr: "E5A5CCD4199F9DFEF6FFBAFD',
    'PHP_CPPFLAGS' => '-fstack-protector-strong -fpic -fpie -O2 -D_LARGEFILE_SOURCE -D_FILE_OFFSET_BITS=64',
    'PHP_ASC_URL' => 'https://www.php.net/distributions/php-8.1.2.tar.xz.asc',
    'PHP_URL' => 'https://www.php.net/distributions/php-8.1.2.tar.xz',
    'PATH' => '/usr/local/sbin:/usr/local/bin:/usr/sbin:/usr/bin:/sbin:/bin',
    'PHPIZE_DEPS' => 'autoconf 		dpkg-dev 		file 		g++ 		gcc 		libc-dev 		make 		pkg-config 		re2c',
    'PWD' => '/var/www',
    'PHP_SHA256' => '6b448242fd360c1a9f265b7263abf3da25d28f2b2b0f5465533b69be51a391dd',
    'USER' => 'www-data',
    'HTTP_COOKIE' => 'PHPSESSID=f21d214958c8517352fcde77e33d6dc5; _csrf=dd50e187e7027c0bfe0fe18e42b7ef3bedc83f19760e8b1ca55b12a3ca31e11ca%3A2%3A%7Bi%3A0%3Bs%3A5%3A%22_csrf%22%3Bi%3A1%3Bs%3A32%3A%22ipQwBuBV2S0_jYMP69HvQgWeEbk6ypsK%22%3B%7D',
    'HTTP_ACCEPT_LANGUAGE' => 'ru-RU,ru;q=0.9,en-US;q=0.8,en;q=0.7',
    'HTTP_ACCEPT_ENCODING' => 'gzip, deflate, br',
    'HTTP_SEC_FETCH_DEST' => 'document',
    'HTTP_SEC_FETCH_USER' => '?1',
    'HTTP_SEC_FETCH_MODE' => 'navigate',
    'HTTP_SEC_FETCH_SITE' => 'none',
    'HTTP_ACCEPT' => 'text/html,application/xhtml+xml,application/xml;q=0.9,image/avif,image/webp,image/apng,*/*;q=0.8,application/signed-exchange;v=b3;q=0.9',
    'HTTP_USER_AGENT' => 'Mozilla/5.0 (Macintosh; Intel Mac OS X 10_15_7) AppleWebKit/537.36 (KHTML, like Gecko) Chrome/98.0.4758.109 Safari/537.36',
    'HTTP_UPGRADE_INSECURE_REQUESTS' => '1',
    'HTTP_SEC_CH_UA_PLATFORM' => '"macOS"',
    'HTTP_SEC_CH_UA_MOBILE' => '?0',
    'HTTP_SEC_CH_UA' => '" Not A;Brand";v="99", "Chromium";v="98", "Google Chrome";v="98"',
    'HTTP_CACHE_CONTROL' => 'max-age=0',
    'HTTP_CONNECTION' => 'keep-alive',
    'HTTP_HOST' => '127.0.0.1',
    'PATH_INFO' => '',
    'SCRIPT_FILENAME' => '/var/www/katalog/web/index.php',
    'REDIRECT_STATUS' => '200',
    'SERVER_NAME' => 'katalog',
    'SERVER_PORT' => '80',
    'SERVER_ADDR' => '172.21.0.4',
    'REMOTE_PORT
2022/05/11 12:33:48 [error] 25#25: *82 FastCGI sent in stderr: "PHP message: An Error occurred while handling another error:
yii\web\HeadersAlreadySentException: Headers already sent in /var/www/katalog/controllers/ProductController.php on line 18. in /var/www/katalog/vendor/yiisoft/yii2/web/Response.php:368
Stack trace:
#0 /var/www/katalog/vendor/yiisoft/yii2/web/Response.php(341): yii\web\Response->sendHeaders()
#1 /var/www/katalog/vendor/yiisoft/yii2/web/ErrorHandler.php(136): yii\web\Response->send()
#2 /var/www/katalog/vendor/yiisoft/yii2/base/ErrorHandler.php(135): yii\web\ErrorHandler->renderException(Object(yii\base\ErrorException))
#3 [internal function]: yii\base\ErrorHandler->handleException(Object(yii\base\ErrorException))
#4 {main}
Previous exception:
yii\base\ErrorException: Attempt to read property "name" on array in /var/www/katalog/controllers/ProductController.php:20
Stack trace:
#0 /var/www/katalog/controllers/ProductController.php(20): yii\base\ErrorHandler->handleError(2, 'Attempt to read...', '/var/www/katalo...', 20)
#1 [internal function]: app\controllers\ProductController->actionIndex()
#2 /var/www/katalog/vendor/yiisoft/yii2/base/InlineAction.php(57): call_user_func_array(Array, Array)
#3 /var/www/katalog/vendor/yiisoft/yii2/base/Controller.php(178): yii\base\InlineAction->runWithParams(Array)
#4 /var/www/katalog/vendor/yiisoft/yii2/base/Module.php(552): yii\base\Controller->runAction('index', Array)
#5 /var/www/katalog/vendor/yiisoft/yii2/web/Application.php(103): yii\base\Module->runAction('product/index', Array)
#6 /var/www/katalog/vendor/yiisoft/yii2/base/Application.php(384): yii\web\Application->handleRequest(Object(yii\web\Request))
#7 /var/www/katalog/web/index.php(12): yii\base\Application->run()
#8 {main}
$_SERVER = [
    'HOSTNAME' => 'fbb0fecea02e',
    'PHP_INI_DIR' => '/usr/local/etc/php',
    'HOME' => '/var/www',
    'PHP_LDFLAGS' => '-Wl,-O1 -pie',
    'PHP_CFLAGS' => '-fstack-protector-strong -fpic -fpie -O2 -D_LARGEFILE_SOURCE -D_FILE_OFFSET_BITS=64',
    'PHP_VERSION
2022/05/11 12:33:48 [error] 25#25: *82 FastCGI sent in stderr: "238FBC1666E5A5CCD4199F9DFEF6FFBAFD',
    'PHP_CPPFLAGS' => '-fstack-protector-strong -fpic -fpie -O2 -D_LARGEFILE_SOURCE -D_FILE_OFFSET_BITS=64',
    'PHP_ASC_URL' => 'https://www.php.net/distributions/php-8.1.2.tar.xz.asc',
    'PHP_URL' => 'https://www.php.net/distributions/php-8.1.2.tar.xz',
    'PATH' => '/usr/local/sbin:/usr/local/bin:/usr/sbin:/usr/bin:/sbin:/bin',
    'PHPIZE_DEPS' => 'autoconf 		dpkg-dev 		file 		g++ 		gcc 		libc-dev 		make 		pkg-config 		re2c',
    'PWD' => '/var/www',
    'PHP_SHA256' => '6b448242fd360c1a9f265b7263abf3da25d28f2b2b0f5465533b69be51a391dd',
    'USER' => 'www-data',
    'HTTP_COOKIE' => 'PHPSESSID=f21d214958c8517352fcde77e33d6dc5; _csrf=dd50e187e7027c0bfe0fe18e42b7ef3bedc83f19760e8b1ca55b12a3ca31e11ca%3A2%3A%7Bi%3A0%3Bs%3A5%3A%22_csrf%22%3Bi%3A1%3Bs%3A32%3A%22ipQwBuBV2S0_jYMP69HvQgWeEbk6ypsK%22%3B%7D',
    'HTTP_ACCEPT_LANGUAGE' => 'ru-RU,ru;q=0.9,en-US;q=0.8,en;q=0.7',
    'HTTP_ACCEPT_ENCODING' => 'gzip, deflate, br',
    'HTTP_SEC_FETCH_DEST' => 'document',
    'HTTP_SEC_FETCH_USER' => '?1',
    'HTTP_SEC_FETCH_MODE' => 'navigate',
    'HTTP_SEC_FETCH_SITE' => 'none',
    'HTTP_ACCEPT' => 'text/html,application/xhtml+xml,application/xml;q=0.9,image/avif,image/webp,image/apng,*/*;q=0.8,application/signed-exchange;v=b3;q=0.9',
    'HTTP_USER_AGENT' => 'Mozilla/5.0 (Macintosh; Intel Mac OS X 10_15_7) AppleWebKit/537.36 (KHTML, like Gecko) Chrome/98.0.4758.109 Safari/537.36',
    'HTTP_UPGRADE_INSECURE_REQUESTS' => '1',
    'HTTP_SEC_CH_UA_PLATFORM' => '"macOS"',
    'HTTP_SEC_CH_UA_MOBILE' => '?0',
    'HTTP_SEC_CH_UA' => '" Not A;Brand";v="99", "Chromium";v="98", "Google Chrome";v="98"',
    'HTTP_CACHE_CONTROL' => 'max-age=0',
    'HTTP_CONNECTION' => 'keep-alive',
    'HTTP_HOST' => '127.0.0.1',
    'PATH_INFO' => '',
    'SCRIPT_FILENAME' => '/var/www/katalog/web/index.php',
    'REDIRECT_STATUS' => '200',
    'SERVER_NAME' => 'katalog',
    'SERVER_PORT' => '80',
    'SERVER_ADDR' => '172.21.0.4',
    'R
2022/05/11 12:33:50 [error] 25#25: *82 FastCGI sent in stderr: "PHP message: An Error occurred while handling another error:
yii\web\HeadersAlreadySentException: Headers already sent in /var/www/katalog/controllers/ProductController.php on line 18. in /var/www/katalog/vendor/yiisoft/yii2/web/Response.php:368
Stack trace:
#0 /var/www/katalog/vendor/yiisoft/yii2/web/Response.php(341): yii\web\Response->sendHeaders()
#1 /var/www/katalog/vendor/yiisoft/yii2/web/ErrorHandler.php(136): yii\web\Response->send()
#2 /var/www/katalog/vendor/yiisoft/yii2/base/ErrorHandler.php(135): yii\web\ErrorHandler->renderException(Object(yii\base\ErrorException))
#3 [internal function]: yii\base\ErrorHandler->handleException(Object(yii\base\ErrorException))
#4 {main}
Previous exception:
yii\base\ErrorException: Attempt to read property "name" on array in /var/www/katalog/controllers/ProductController.php:20
Stack trace:
#0 /var/www/katalog/controllers/ProductController.php(20): yii\base\ErrorHandler->handleError(2, 'Attempt to read...', '/var/www/katalo...', 20)
#1 [internal function]: app\controllers\ProductController->actionIndex()
#2 /var/www/katalog/vendor/yiisoft/yii2/base/InlineAction.php(57): call_user_func_array(Array, Array)
#3 /var/www/katalog/vendor/yiisoft/yii2/base/Controller.php(178): yii\base\InlineAction->runWithParams(Array)
#4 /var/www/katalog/vendor/yiisoft/yii2/base/Module.php(552): yii\base\Controller->runAction('index', Array)
#5 /var/www/katalog/vendor/yiisoft/yii2/web/Application.php(103): yii\base\Module->runAction('product/index', Array)
#6 /var/www/katalog/vendor/yiisoft/yii2/base/Application.php(384): yii\web\Application->handleRequest(Object(yii\web\Request))
#7 /var/www/katalog/web/index.php(12): yii\base\Application->run()
#8 {main}
$_SERVER = [
    'HOSTNAME' => 'fbb0fecea02e',
    'PHP_INI_DIR' => '/usr/local/etc/php',
    'HOME' => '/var/www',
    'PHP_LDFLAGS' => '-Wl,-O1 -pie',
    'PHP_CFLAGS' => '-fstack-protector-strong -fpic -fpie -O2 -D_LARGEFILE_SOURCE -D_FILE_OFFSET_BITS=64',
    'PHP_VERSION
2022/05/11 12:33:50 [error] 25#25: *82 FastCGI sent in stderr: "238FBC1666E5A5CCD4199F9DFEF6FFBAFD',
    'PHP_CPPFLAGS' => '-fstack-protector-strong -fpic -fpie -O2 -D_LARGEFILE_SOURCE -D_FILE_OFFSET_BITS=64',
    'PHP_ASC_URL' => 'https://www.php.net/distributions/php-8.1.2.tar.xz.asc',
    'PHP_URL' => 'https://www.php.net/distributions/php-8.1.2.tar.xz',
    'PATH' => '/usr/local/sbin:/usr/local/bin:/usr/sbin:/usr/bin:/sbin:/bin',
    'PHPIZE_DEPS' => 'autoconf 		dpkg-dev 		file 		g++ 		gcc 		libc-dev 		make 		pkg-config 		re2c',
    'PWD' => '/var/www',
    'PHP_SHA256' => '6b448242fd360c1a9f265b7263abf3da25d28f2b2b0f5465533b69be51a391dd',
    'USER' => 'www-data',
    'HTTP_COOKIE' => 'PHPSESSID=f21d214958c8517352fcde77e33d6dc5; _csrf=dd50e187e7027c0bfe0fe18e42b7ef3bedc83f19760e8b1ca55b12a3ca31e11ca%3A2%3A%7Bi%3A0%3Bs%3A5%3A%22_csrf%22%3Bi%3A1%3Bs%3A32%3A%22ipQwBuBV2S0_jYMP69HvQgWeEbk6ypsK%22%3B%7D',
    'HTTP_ACCEPT_LANGUAGE' => 'ru-RU,ru;q=0.9,en-US;q=0.8,en;q=0.7',
    'HTTP_ACCEPT_ENCODING' => 'gzip, deflate, br',
    'HTTP_SEC_FETCH_DEST' => 'document',
    'HTTP_SEC_FETCH_USER' => '?1',
    'HTTP_SEC_FETCH_MODE' => 'navigate',
    'HTTP_SEC_FETCH_SITE' => 'none',
    'HTTP_ACCEPT' => 'text/html,application/xhtml+xml,application/xml;q=0.9,image/avif,image/webp,image/apng,*/*;q=0.8,application/signed-exchange;v=b3;q=0.9',
    'HTTP_USER_AGENT' => 'Mozilla/5.0 (Macintosh; Intel Mac OS X 10_15_7) AppleWebKit/537.36 (KHTML, like Gecko) Chrome/98.0.4758.109 Safari/537.36',
    'HTTP_UPGRADE_INSECURE_REQUESTS' => '1',
    'HTTP_SEC_CH_UA_PLATFORM' => '"macOS"',
    'HTTP_SEC_CH_UA_MOBILE' => '?0',
    'HTTP_SEC_CH_UA' => '" Not A;Brand";v="99", "Chromium";v="98", "Google Chrome";v="98"',
    'HTTP_CACHE_CONTROL' => 'max-age=0',
    'HTTP_CONNECTION' => 'keep-alive',
    'HTTP_HOST' => '127.0.0.1',
    'PATH_INFO' => '',
    'SCRIPT_FILENAME' => '/var/www/katalog/web/index.php',
    'REDIRECT_STATUS' => '200',
    'SERVER_NAME' => 'katalog',
    'SERVER_PORT' => '80',
    'SERVER_ADDR' => '172.21.0.4',
    'R
2022/05/11 12:34:05 [error] 25#25: *82 FastCGI sent in stderr: "PHP message: An Error occurred while handling another error:
yii\web\HeadersAlreadySentException: Headers already sent in /var/www/katalog/controllers/ProductController.php on line 17. in /var/www/katalog/vendor/yiisoft/yii2/web/Response.php:368
Stack trace:
#0 /var/www/katalog/vendor/yiisoft/yii2/web/Response.php(341): yii\web\Response->sendHeaders()
#1 /var/www/katalog/vendor/yiisoft/yii2/web/ErrorHandler.php(136): yii\web\Response->send()
#2 /var/www/katalog/vendor/yiisoft/yii2/base/ErrorHandler.php(135): yii\web\ErrorHandler->renderException(Object(yii\base\ErrorException))
#3 [internal function]: yii\base\ErrorHandler->handleException(Object(yii\base\ErrorException))
#4 {main}
Previous exception:
yii\base\ErrorException: Attempt to read property "name" on array in /var/www/katalog/controllers/ProductController.php:20
Stack trace:
#0 /var/www/katalog/controllers/ProductController.php(20): yii\base\ErrorHandler->handleError(2, 'Attempt to read...', '/var/www/katalo...', 20)
#1 [internal function]: app\controllers\ProductController->actionIndex()
#2 /var/www/katalog/vendor/yiisoft/yii2/base/InlineAction.php(57): call_user_func_array(Array, Array)
#3 /var/www/katalog/vendor/yiisoft/yii2/base/Controller.php(178): yii\base\InlineAction->runWithParams(Array)
#4 /var/www/katalog/vendor/yiisoft/yii2/base/Module.php(552): yii\base\Controller->runAction('index', Array)
#5 /var/www/katalog/vendor/yiisoft/yii2/web/Application.php(103): yii\base\Module->runAction('product/index', Array)
#6 /var/www/katalog/vendor/yiisoft/yii2/base/Application.php(384): yii\web\Application->handleRequest(Object(yii\web\Request))
#7 /var/www/katalog/web/index.php(12): yii\base\Application->run()
#8 {main}
$_SERVER = [
    'HOSTNAME' => 'fbb0fecea02e',
    'PHP_INI_DIR' => '/usr/local/etc/php',
    'HOME' => '/var/www',
    'PHP_LDFLAGS' => '-Wl,-O1 -pie',
    'PHP_CFLAGS' => '-fstack-protector-strong -fpic -fpie -O2 -D_LARGEFILE_SOURCE -D_FILE_OFFSET_BITS=64',
    'PHP_VERSION
2022/05/11 12:34:05 [error] 25#25: *82 FastCGI sent in stderr: "3F9C39DC0B9698544 F1F692238FBC1666E5A5CCD4199F9DFEF6FFBAFD',
    'PHP_CPPFLAGS' => '-fstack-protector-strong -fpic -fpie -O2 -D_LARGEFILE_SOURCE -D_FILE_OFFSET_BITS=64',
    'PHP_ASC_URL' => 'https://www.php.net/distributions/php-8.1.2.tar.xz.asc',
    'PHP_URL' => 'https://www.php.net/distributions/php-8.1.2.tar.xz',
    'PATH' => '/usr/local/sbin:/usr/local/bin:/usr/sbin:/usr/bin:/sbin:/bin',
    'PHPIZE_DEPS' => 'autoconf 		dpkg-dev 		file 		g++ 		gcc 		libc-dev 		make 		pkg-config 		re2c',
    'PWD' => '/var/www',
    'PHP_SHA256' => '6b448242fd360c1a9f265b7263abf3da25d28f2b2b0f5465533b69be51a391dd',
    'USER' => 'www-data',
    'HTTP_COOKIE' => 'PHPSESSID=f21d214958c8517352fcde77e33d6dc5; _csrf=dd50e187e7027c0bfe0fe18e42b7ef3bedc83f19760e8b1ca55b12a3ca31e11ca%3A2%3A%7Bi%3A0%3Bs%3A5%3A%22_csrf%22%3Bi%3A1%3Bs%3A32%3A%22ipQwBuBV2S0_jYMP69HvQgWeEbk6ypsK%22%3B%7D',
    'HTTP_ACCEPT_LANGUAGE' => 'ru-RU,ru;q=0.9,en-US;q=0.8,en;q=0.7',
    'HTTP_ACCEPT_ENCODING' => 'gzip, deflate, br',
    'HTTP_SEC_FETCH_DEST' => 'document',
    'HTTP_SEC_FETCH_USER' => '?1',
    'HTTP_SEC_FETCH_MODE' => 'navigate',
    'HTTP_SEC_FETCH_SITE' => 'none',
    'HTTP_ACCEPT' => 'text/html,application/xhtml+xml,application/xml;q=0.9,image/avif,image/webp,image/apng,*/*;q=0.8,application/signed-exchange;v=b3;q=0.9',
    'HTTP_USER_AGENT' => 'Mozilla/5.0 (Macintosh; Intel Mac OS X 10_15_7) AppleWebKit/537.36 (KHTML, like Gecko) Chrome/98.0.4758.109 Safari/537.36',
    'HTTP_UPGRADE_INSECURE_REQUESTS' => '1',
    'HTTP_SEC_CH_UA_PLATFORM' => '"macOS"',
    'HTTP_SEC_CH_UA_MOBILE' => '?0',
    'HTTP_SEC_CH_UA' => '" Not A;Brand";v="99", "Chromium";v="98", "Google Chrome";v="98"',
    'HTTP_CACHE_CONTROL' => 'max-age=0',
    'HTTP_CONNECTION' => 'keep-alive',
    'HTTP_HOST' => '127.0.0.1',
    'PATH_INFO' => '',
    'SCRIPT_FILENAME' => '/var/www/katalog/web/index.php',
    'REDIRECT_STATUS' => '200',
    'SERVER_NAME' => 'katalog',
    'SERVER_PORT' => '80',
    'SERVER_ADDR'
2022/05/11 13:57:30 [error] 23#23: *185 FastCGI sent in stderr: "PHP message: An Error occurred while handling another error:
yii\web\HeadersAlreadySentException: Headers already sent in /var/www/katalog/controllers/ProductController.php on line 16. in /var/www/katalog/vendor/yiisoft/yii2/web/Response.php:368
Stack trace:
#0 /var/www/katalog/vendor/yiisoft/yii2/web/Response.php(341): yii\web\Response->sendHeaders()
#1 /var/www/katalog/vendor/yiisoft/yii2/web/ErrorHandler.php(136): yii\web\Response->send()
#2 /var/www/katalog/vendor/yiisoft/yii2/base/ErrorHandler.php(135): yii\web\ErrorHandler->renderException(Object(yii\web\HeadersAlreadySentException))
#3 [internal function]: yii\base\ErrorHandler->handleException(Object(yii\web\HeadersAlreadySentException))
#4 {main}
Previous exception:
yii\web\HeadersAlreadySentException: Headers already sent in /var/www/katalog/controllers/ProductController.php on line 16. in /var/www/katalog/vendor/yiisoft/yii2/web/Response.php:368
Stack trace:
#0 /var/www/katalog/vendor/yiisoft/yii2/web/Response.php(341): yii\web\Response->sendHeaders()
#1 /var/www/katalog/vendor/yiisoft/yii2/base/Application.php(390): yii\web\Response->send()
#2 /var/www/katalog/web/index.php(12): yii\base\Application->run()
#3 {main}
$_SERVER = [
    'HOSTNAME' => 'fbb0fecea02e',
    'PHP_INI_DIR' => '/usr/local/etc/php',
    'HOME' => '/var/www',
    'PHP_LDFLAGS' => '-Wl,-O1 -pie',
    'PHP_CFLAGS' => '-fstack-protector-strong -fpic -fpie -O2 -D_LARGEFILE_SOURCE -D_FILE_OFFSET_BITS=64',
    'PHP_VERSION' => '8.1.2',
    'GPG_KEYS' => '528995BFEDFBA7191D46839EF9BA0ADA31CBD89E 39B641343D8C104B2B146DC3F9C39DC0B9698544 F1F692238FBC1666E5A5CCD4199F9DFEF6FFBAFD',
    'PHP_CPPFLAGS' => '-fstack-protector-strong -fpic -fpie -O2 -D_LARGEFILE_SOURCE -D_FILE_OFFSET_BITS=64',
    'PHP_ASC_URL' => 'https://www.php.net/distributions/php-8.1.2.tar.xz.asc',
    'PHP_URL' => 'https://www.php.net/distributions/php-8.1.2.tar.xz',
    'PATH' => '/usr/local/sbin:/usr/local/bin:/usr/sbin:/usr/bin:/sbin:/bin',
    'PHPIZE_DE
2022/05/11 13:57:30 [error] 23#23: *185 FastCGI sent in stderr: "T' => 'document',
    'HTTP_SEC_FETCH_USER' => '?1',
    'HTTP_SEC_FETCH_MODE' => 'navigate',
    'HTTP_SEC_FETCH_SITE' => 'none',
    'HTTP_ACCEPT' => 'text/html,application/xhtml+xml,application/xml;q=0.9,image/avif,image/webp,image/apng,*/*;q=0.8,application/signed-exchange;v=b3;q=0.9',
    'HTTP_USER_AGENT' => 'Mozilla/5.0 (Macintosh; Intel Mac OS X 10_15_7) AppleWebKit/537.36 (KHTML, like Gecko) Chrome/98.0.4758.109 Safari/537.36',
    'HTTP_UPGRADE_INSECURE_REQUESTS' => '1',
    'HTTP_SEC_CH_UA_PLATFORM' => '"macOS"',
    'HTTP_SEC_CH_UA_MOBILE' => '?0',
    'HTTP_SEC_CH_UA' => '" Not A;Brand";v="99", "Chromium";v="98", "Google Chrome";v="98"',
    'HTTP_CACHE_CONTROL' => 'max-age=0',
    'HTTP_CONNECTION' => 'keep-alive',
    'HTTP_HOST' => '127.0.0.1',
    'PATH_INFO' => '',
    'SCRIPT_FILENAME' => '/var/www/katalog/web/index.php',
    'REDIRECT_STATUS' => '200',
    'SERVER_NAME' => 'katalog',
    'SERVER_PORT' => '80',
    'SERVER_ADDR' => '172.21.0.4',
    'REMOTE_PORT' => '59446',
    'REMOTE_ADDR' => '172.21.0.1',
    'SERVER_SOFTWARE' => 'nginx/1.21.6',
    'GATEWAY_INTERFACE' => 'CGI/1.1',
    'REQUEST_SCHEME' => 'http',
    'SERVER_PROTOCOL' => 'HTTP/1.1',
    'DOCUMENT_ROOT' => '/var/www/katalog/web',
    'DOCUMENT_URI' => '/index.php',
    'REQUEST_URI' => '/products?razmer=small&tkan=very_plohaya',
    'SCRIPT_NAME' => '/index.php',
    'CONTENT_LENGTH' => '',
    'CONTENT_TYPE' => '',
    'REQUEST_METHOD' => 'GET',
    'QUERY_STRING' => 'razmer=small&tkan=very_plohaya',
    'FCGI_ROLE' => 'RESPONDER',
    'PHP_SELF' => '/index.php',
    'REQUEST_TIME_FLOAT' => 1652277449.925094,
    'REQUEST_TIME' => 1652277449,
    'argv' => [
        'razmer=small&tkan=very_plohaya',
    ],
    'argc' => 1,
]" while reading upstream, client: 172.21.0.1, server: katalog, request: "GET /products?razmer=small&tkan=very_plohaya HTTP/1.1", upstream: "fastcgi://172.21.0.3:9000", host: "127.0.0.1"
2022/05/11 14:00:03 [error] 23#23: *187 FastCGI sent in stderr: "PHP message: An Error occurred while handling another error:
yii\web\HeadersAlreadySentException: Headers already sent in /var/www/katalog/controllers/ProductController.php on line 16. in /var/www/katalog/vendor/yiisoft/yii2/web/Response.php:368
Stack trace:
#0 /var/www/katalog/vendor/yiisoft/yii2/web/Response.php(341): yii\web\Response->sendHeaders()
#1 /var/www/katalog/vendor/yiisoft/yii2/web/ErrorHandler.php(136): yii\web\Response->send()
#2 /var/www/katalog/vendor/yiisoft/yii2/base/ErrorHandler.php(135): yii\web\ErrorHandler->renderException(Object(yii\web\HeadersAlreadySentException))
#3 [internal function]: yii\base\ErrorHandler->handleException(Object(yii\web\HeadersAlreadySentException))
#4 {main}
Previous exception:
yii\web\HeadersAlreadySentException: Headers already sent in /var/www/katalog/controllers/ProductController.php on line 16. in /var/www/katalog/vendor/yiisoft/yii2/web/Response.php:368
Stack trace:
#0 /var/www/katalog/vendor/yiisoft/yii2/web/Response.php(341): yii\web\Response->sendHeaders()
#1 /var/www/katalog/vendor/yiisoft/yii2/base/Application.php(390): yii\web\Response->send()
#2 /var/www/katalog/web/index.php(12): yii\base\Application->run()
#3 {main}
$_SERVER = [
    'HOSTNAME' => 'fbb0fecea02e',
    'PHP_INI_DIR' => '/usr/local/etc/php',
    'HOME' => '/var/www',
    'PHP_LDFLAGS' => '-Wl,-O1 -pie',
    'PHP_CFLAGS' => '-fstack-protector-strong -fpic -fpie -O2 -D_LARGEFILE_SOURCE -D_FILE_OFFSET_BITS=64',
    'PHP_VERSION' => '8.1.2',
    'GPG_KEYS' => '528995BFEDFBA7191D46839EF9BA0ADA31CBD89E 39B641343D8C104B2B146DC3F9C39DC0B9698544 F1F692238FBC1666E5A5CCD4199F9DFEF6FFBAFD',
    'PHP_CPPFLAGS' => '-fstack-protector-strong -fpic -fpie -O2 -D_LARGEFILE_SOURCE -D_FILE_OFFSET_BITS=64',
    'PHP_ASC_URL' => 'https://www.php.net/distributions/php-8.1.2.tar.xz.asc',
    'PHP_URL' => 'https://www.php.net/distributions/php-8.1.2.tar.xz',
    'PATH' => '/usr/local/sbin:/usr/local/bin:/usr/sbin:/usr/bin:/sbin:/bin',
    'PHPIZE_DE
2022/05/11 14:00:03 [error] 23#23: *187 FastCGI sent in stderr: "> 'navigate',
    'HTTP_SEC_FETCH_SITE' => 'none',
    'HTTP_ACCEPT' => 'text/html,application/xhtml+xml,application/xml;q=0.9,image/avif,image/webp,image/apng,*/*;q=0.8,application/signed-exchange;v=b3;q=0.9',
    'HTTP_USER_AGENT' => 'Mozilla/5.0 (Macintosh; Intel Mac OS X 10_15_7) AppleWebKit/537.36 (KHTML, like Gecko) Chrome/98.0.4758.109 Safari/537.36',
    'HTTP_UPGRADE_INSECURE_REQUESTS' => '1',
    'HTTP_SEC_CH_UA_PLATFORM' => '"macOS"',
    'HTTP_SEC_CH_UA_MOBILE' => '?0',
    'HTTP_SEC_CH_UA' => '" Not A;Brand";v="99", "Chromium";v="98", "Google Chrome";v="98"',
    'HTTP_CONNECTION' => 'keep-alive',
    'HTTP_HOST' => '127.0.0.1',
    'PATH_INFO' => '',
    'SCRIPT_FILENAME' => '/var/www/katalog/web/index.php',
    'REDIRECT_STATUS' => '200',
    'SERVER_NAME' => 'katalog',
    'SERVER_PORT' => '80',
    'SERVER_ADDR' => '172.21.0.4',
    'REMOTE_PORT' => '59452',
    'REMOTE_ADDR' => '172.21.0.1',
    'SERVER_SOFTWARE' => 'nginx/1.21.6',
    'GATEWAY_INTERFACE' => 'CGI/1.1',
    'REQUEST_SCHEME' => 'http',
    'SERVER_PROTOCOL' => 'HTTP/1.1',
    'DOCUMENT_ROOT' => '/var/www/katalog/web',
    'DOCUMENT_URI' => '/index.php',
    'REQUEST_URI' => '/products',
    'SCRIPT_NAME' => '/index.php',
    'CONTENT_LENGTH' => '',
    'CONTENT_TYPE' => '',
    'REQUEST_METHOD' => 'GET',
    'QUERY_STRING' => '',
    'FCGI_ROLE' => 'RESPONDER',
    'PHP_SELF' => '/index.php',
    'REQUEST_TIME_FLOAT' => 1652277603.411864,
    'REQUEST_TIME' => 1652277603,
    'argv' => [],
    'argc' => 0,
]" while reading upstream, client: 172.21.0.1, server: katalog, request: "GET /products HTTP/1.1", upstream: "fastcgi://172.21.0.3:9000", host: "127.0.0.1"
2022/05/11 14:02:07 [error] 23#23: *191 FastCGI sent in stderr: "PHP message: An Error occurred while handling another error:
yii\web\HeadersAlreadySentException: Headers already sent in /var/www/katalog/controllers/ProductController.php on line 17. in /var/www/katalog/vendor/yiisoft/yii2/web/Response.php:368
Stack trace:
#0 /var/www/katalog/vendor/yiisoft/yii2/web/Response.php(341): yii\web\Response->sendHeaders()
#1 /var/www/katalog/vendor/yiisoft/yii2/web/ErrorHandler.php(136): yii\web\Response->send()
#2 /var/www/katalog/vendor/yiisoft/yii2/base/ErrorHandler.php(135): yii\web\ErrorHandler->renderException(Object(yii\web\HeadersAlreadySentException))
#3 [internal function]: yii\base\ErrorHandler->handleException(Object(yii\web\HeadersAlreadySentException))
#4 {main}
Previous exception:
yii\web\HeadersAlreadySentException: Headers already sent in /var/www/katalog/controllers/ProductController.php on line 17. in /var/www/katalog/vendor/yiisoft/yii2/web/Response.php:368
Stack trace:
#0 /var/www/katalog/vendor/yiisoft/yii2/web/Response.php(341): yii\web\Response->sendHeaders()
#1 /var/www/katalog/vendor/yiisoft/yii2/base/Application.php(390): yii\web\Response->send()
#2 /var/www/katalog/web/index.php(12): yii\base\Application->run()
#3 {main}
$_SERVER = [
    'HOSTNAME' => 'fbb0fecea02e',
    'PHP_INI_DIR' => '/usr/local/etc/php',
    'HOME' => '/var/www',
    'PHP_LDFLAGS' => '-Wl,-O1 -pie',
    'PHP_CFLAGS' => '-fstack-protector-strong -fpic -fpie -O2 -D_LARGEFILE_SOURCE -D_FILE_OFFSET_BITS=64',
    'PHP_VERSION' => '8.1.2',
    'GPG_KEYS' => '528995BFEDFBA7191D46839EF9BA0ADA31CBD89E 39B641343D8C104B2B146DC3F9C39DC0B9698544 F1F692238FBC1666E5A5CCD4199F9DFEF6FFBAFD',
    'PHP_CPPFLAGS' => '-fstack-protector-strong -fpic -fpie -O2 -D_LARGEFILE_SOURCE -D_FILE_OFFSET_BITS=64',
    'PHP_ASC_URL' => 'https://www.php.net/distributions/php-8.1.2.tar.xz.asc',
    'PHP_URL' => 'https://www.php.net/distributions/php-8.1.2.tar.xz',
    'PATH' => '/usr/local/sbin:/usr/local/bin:/usr/sbin:/usr/bin:/sbin:/bin',
    'PHPIZE_DE
2022/05/11 14:02:07 [error] 23#23: *191 FastCGI sent in stderr: "27.0.0.1/products',
    'HTTP_SEC_FETCH_DEST' => 'document',
    'HTTP_SEC_FETCH_USER' => '?1',
    'HTTP_SEC_FETCH_MODE' => 'navigate',
    'HTTP_SEC_FETCH_SITE' => 'same-origin',
    'HTTP_ACCEPT' => 'text/html,application/xhtml+xml,application/xml;q=0.9,image/avif,image/webp,image/apng,*/*;q=0.8,application/signed-exchange;v=b3;q=0.9',
    'HTTP_USER_AGENT' => 'Mozilla/5.0 (Macintosh; Intel Mac OS X 10_15_7) AppleWebKit/537.36 (KHTML, like Gecko) Chrome/98.0.4758.109 Safari/537.36',
    'HTTP_UPGRADE_INSECURE_REQUESTS' => '1',
    'HTTP_SEC_CH_UA_PLATFORM' => '"macOS"',
    'HTTP_SEC_CH_UA_MOBILE' => '?0',
    'HTTP_SEC_CH_UA' => '" Not A;Brand";v="99", "Chromium";v="98", "Google Chrome";v="98"',
    'HTTP_CONNECTION' => 'keep-alive',
    'HTTP_HOST' => '127.0.0.1',
    'PATH_INFO' => '',
    'SCRIPT_FILENAME' => '/var/www/katalog/web/index.php',
    'REDIRECT_STATUS' => '200',
    'SERVER_NAME' => 'katalog',
    'SERVER_PORT' => '80',
    'SERVER_ADDR' => '172.21.0.4',
    'REMOTE_PORT' => '59460',
    'REMOTE_ADDR' => '172.21.0.1',
    'SERVER_SOFTWARE' => 'nginx/1.21.6',
    'GATEWAY_INTERFACE' => 'CGI/1.1',
    'REQUEST_SCHEME' => 'http',
    'SERVER_PROTOCOL' => 'HTTP/1.1',
    'DOCUMENT_ROOT' => '/var/www/katalog/web',
    'DOCUMENT_URI' => '/index.php',
    'REQUEST_URI' => '/products?razmer=small&tkan=plohaya',
    'SCRIPT_NAME' => '/index.php',
    'CONTENT_LENGTH' => '',
    'CONTENT_TYPE' => '',
    'REQUEST_METHOD' => 'GET',
    'QUERY_STRING' => 'razmer=small&tkan=plohaya',
    'FCGI_ROLE' => 'RESPONDER',
    'PHP_SELF' => '/index.php',
    'REQUEST_TIME_FLOAT' => 1652277726.744763,
    'REQUEST_TIME' => 1652277726,
    'argv' => [
        'razmer=small&tkan=plohaya',
    ],
    'argc' => 1,
]" while reading upstream, client: 172.21.0.1, server: katalog, request: "GET /products?razmer=small&tkan=plohaya HTTP/1.1", upstream: "fastcgi://172.21.0.3:9000", host: "127.0.0.1", referrer: "http://127.0.0.1/products"
2022/05/11 14:07:37 [error] 25#25: *198 FastCGI sent in stderr: "PHP message: An Error occurred while handling another error:
yii\web\HeadersAlreadySentException: Headers already sent in /var/www/katalog/controllers/ProductController.php on line 17. in /var/www/katalog/vendor/yiisoft/yii2/web/Response.php:368
Stack trace:
#0 /var/www/katalog/vendor/yiisoft/yii2/web/Response.php(341): yii\web\Response->sendHeaders()
#1 /var/www/katalog/vendor/yiisoft/yii2/web/ErrorHandler.php(136): yii\web\Response->send()
#2 /var/www/katalog/vendor/yiisoft/yii2/base/ErrorHandler.php(135): yii\web\ErrorHandler->renderException(Object(yii\web\HeadersAlreadySentException))
#3 [internal function]: yii\base\ErrorHandler->handleException(Object(yii\web\HeadersAlreadySentException))
#4 {main}
Previous exception:
yii\web\HeadersAlreadySentException: Headers already sent in /var/www/katalog/controllers/ProductController.php on line 17. in /var/www/katalog/vendor/yiisoft/yii2/web/Response.php:368
Stack trace:
#0 /var/www/katalog/vendor/yiisoft/yii2/web/Response.php(341): yii\web\Response->sendHeaders()
#1 /var/www/katalog/vendor/yiisoft/yii2/base/Application.php(390): yii\web\Response->send()
#2 /var/www/katalog/web/index.php(12): yii\base\Application->run()
#3 {main}
$_SERVER = [
    'HOSTNAME' => 'fbb0fecea02e',
    'PHP_INI_DIR' => '/usr/local/etc/php',
    'HOME' => '/var/www',
    'PHP_LDFLAGS' => '-Wl,-O1 -pie',
    'PHP_CFLAGS' => '-fstack-protector-strong -fpic -fpie -O2 -D_LARGEFILE_SOURCE -D_FILE_OFFSET_BITS=64',
    'PHP_VERSION' => '8.1.2',
    'GPG_KEYS' => '528995BFEDFBA7191D46839EF9BA0ADA31CBD89E 39B641343D8C104B2B146DC3F9C39DC0B9698544 F1F692238FBC1666E5A5CCD4199F9DFEF6FFBAFD',
    'PHP_CPPFLAGS' => '-fstack-protector-strong -fpic -fpie -O2 -D_LARGEFILE_SOURCE -D_FILE_OFFSET_BITS=64',
    'PHP_ASC_URL' => 'https://www.php.net/distributions/php-8.1.2.tar.xz.asc',
    'PHP_URL' => 'https://www.php.net/distributions/php-8.1.2.tar.xz',
    'PATH' => '/usr/local/sbin:/usr/local/bin:/usr/sbin:/usr/bin:/sbin:/bin',
    'PHPIZE_DE
2022/05/11 14:07:37 [error] 25#25: *198 FastCGI sent in stderr: "s',
    'HTTP_SEC_FETCH_DEST' => 'document',
    'HTTP_SEC_FETCH_USER' => '?1',
    'HTTP_SEC_FETCH_MODE' => 'navigate',
    'HTTP_SEC_FETCH_SITE' => 'same-origin',
    'HTTP_ACCEPT' => 'text/html,application/xhtml+xml,application/xml;q=0.9,image/avif,image/webp,image/apng,*/*;q=0.8,application/signed-exchange;v=b3;q=0.9',
    'HTTP_USER_AGENT' => 'Mozilla/5.0 (Macintosh; Intel Mac OS X 10_15_7) AppleWebKit/537.36 (KHTML, like Gecko) Chrome/98.0.4758.109 Safari/537.36',
    'HTTP_UPGRADE_INSECURE_REQUESTS' => '1',
    'HTTP_SEC_CH_UA_PLATFORM' => '"macOS"',
    'HTTP_SEC_CH_UA_MOBILE' => '?0',
    'HTTP_SEC_CH_UA' => '" Not A;Brand";v="99", "Chromium";v="98", "Google Chrome";v="98"',
    'HTTP_CACHE_CONTROL' => 'max-age=0',
    'HTTP_CONNECTION' => 'keep-alive',
    'HTTP_HOST' => '127.0.0.1',
    'PATH_INFO' => '',
    'SCRIPT_FILENAME' => '/var/www/katalog/web/index.php',
    'REDIRECT_STATUS' => '200',
    'SERVER_NAME' => 'katalog',
    'SERVER_PORT' => '80',
    'SERVER_ADDR' => '172.21.0.4',
    'REMOTE_PORT' => '59484',
    'REMOTE_ADDR' => '172.21.0.1',
    'SERVER_SOFTWARE' => 'nginx/1.21.6',
    'GATEWAY_INTERFACE' => 'CGI/1.1',
    'REQUEST_SCHEME' => 'http',
    'SERVER_PROTOCOL' => 'HTTP/1.1',
    'DOCUMENT_ROOT' => '/var/www/katalog/web',
    'DOCUMENT_URI' => '/index.php',
    'REQUEST_URI' => '/products?razmer=small&tkan=plohaya',
    'SCRIPT_NAME' => '/index.php',
    'CONTENT_LENGTH' => '',
    'CONTENT_TYPE' => '',
    'REQUEST_METHOD' => 'GET',
    'QUERY_STRING' => 'razmer=small&tkan=plohaya',
    'FCGI_ROLE' => 'RESPONDER',
    'PHP_SELF' => '/index.php',
    'REQUEST_TIME_FLOAT' => 1652278057.511704,
    'REQUEST_TIME' => 1652278057,
    'argv' => [
        'razmer=small&tkan=plohaya',
    ],
    'argc' => 1,
]" while reading upstream, client: 172.21.0.1, server: katalog, request: "GET /products?razmer=small&tkan=plohaya HTTP/1.1", upstream: "fastcgi://172.21.0.3:9000", host: "127.0.0.1", referrer: "http://127.0.0.1/products"
2022/05/11 14:21:40 [error] 24#24: *208 FastCGI sent in stderr: "PHP message: An Error occurred while handling another error:
yii\web\HeadersAlreadySentException: Headers already sent in /var/www/katalog/controllers/ProductController.php on line 20. in /var/www/katalog/vendor/yiisoft/yii2/web/Response.php:368
Stack trace:
#0 /var/www/katalog/vendor/yiisoft/yii2/web/Response.php(341): yii\web\Response->sendHeaders()
#1 /var/www/katalog/vendor/yiisoft/yii2/web/ErrorHandler.php(136): yii\web\Response->send()
#2 /var/www/katalog/vendor/yiisoft/yii2/base/ErrorHandler.php(135): yii\web\ErrorHandler->renderException(Object(yii\web\HeadersAlreadySentException))
#3 [internal function]: yii\base\ErrorHandler->handleException(Object(yii\web\HeadersAlreadySentException))
#4 {main}
Previous exception:
yii\web\HeadersAlreadySentException: Headers already sent in /var/www/katalog/controllers/ProductController.php on line 20. in /var/www/katalog/vendor/yiisoft/yii2/web/Response.php:368
Stack trace:
#0 /var/www/katalog/vendor/yiisoft/yii2/web/Response.php(341): yii\web\Response->sendHeaders()
#1 /var/www/katalog/vendor/yiisoft/yii2/base/Application.php(390): yii\web\Response->send()
#2 /var/www/katalog/web/index.php(12): yii\base\Application->run()
#3 {main}
$_SERVER =" while reading upstream, client: 172.21.0.1, server: katalog, request: "GET /products?razmer=small&tkan=plohaya HTTP/1.1", upstream: "fastcgi://172.21.0.3:9000", host: "127.0.0.1", referrer: "http://127.0.0.1/products"
2022/05/11 14:21:40 [error] 24#24: *208 FastCGI sent in stderr: "[
    'HOSTNAME' => 'fbb0fecea02e',
    'PHP_INI_DIR' => '/usr/local/etc/php',
    'HOME' => '/var/www',
    'PHP_LDFLAGS' => '-Wl,-O1 -pie',
    'PHP_CFLAGS' => '-fstack-protector-strong -fpic -fpie -O2 -D_LARGEFILE_SOURCE -D_FILE_OFFSET_BITS=64',
    'PHP_VERSION' => '8.1.2',
    'GPG_KEYS' => '528995BFEDFBA7191D46839EF9BA0ADA31CBD89E 39B641343D8C104B2B146DC3F9C39DC0B9698544 F1F692238FBC1666E5A5CCD4199F9DFEF6FFBAFD',
    'PHP_CPPFLAGS' => '-fstack-protector-strong -fpic -fpie -O2 -D_LARGEFILE_SOURCE -D_FILE_OFFSET_BITS=64',
    'PHP_ASC_URL' => 'https://www.php.net/distributions/php-8.1.2.tar.xz.asc',
    'PHP_URL' => 'https://www.php.net/distributions/php-8.1.2.tar.xz',
    'PATH' => '/usr/local/sbin:/usr/local/bin:/usr/sbin:/usr/bin:/sbin:/bin',
    'PHPIZE_DEPS' => 'autoconf 		dpkg-dev 		file 		g++ 		gcc 		libc-dev 		make 		pkg-config 		re2c',
    'PWD' => '/var/www',
    'PHP_SHA256' => '6b448242fd360c1a9f265b7263abf3da25d28f2b2b0f5465533b69be51a391dd',
    'USER' => 'www-data',
    'HTTP_COOKIE' => 'PHPSESSID=f21d214958c8517352fcde77e33d6dc5; _csrf=dd50e187e7027c0bfe0fe18e42b7ef3bedc83f19760e8b1ca55b12a3ca31e11ca%3A2%3A%7Bi%3A0%3Bs%3A5%3A%22_csrf%22%3Bi%3A1%3Bs%3A32%3A%22ipQwBuBV2S0_jYMP69HvQgWeEbk6ypsK%22%3B%7D',
    'HTTP_ACCEPT_LANGUAGE' => 'ru-RU,ru;q=0.9,en-US;q=0.8,en;q=0.7',
    'HTTP_ACCEPT_ENCODING' => 'gzip, deflate, br',
    'HTTP_REFERER' => 'http://127.0.0.1/products',
    'HTTP_SEC_FETCH_DEST' => 'document',
    'HTTP_SEC_FETCH_USER' => '?1',
    'HTTP_SEC_FETCH_MODE' => 'navigate',
    'HTTP_SEC_FETCH_SITE' => 'same-origin',
    'HTTP_ACCEPT' => 'text/html,application/xhtml+xml,application/xml;q=0.9,image/avif,image/webp,image/apng,*/*;q=0.8,application/signed-exchange;v=b3;q=0.9',
    'HTTP_USER_AGENT' => 'Mozilla/5.0 (Macintosh; Intel Mac OS X 10_15_7) AppleWebKit/537.36 (KHTML, like Gecko) Chrome/98.0.4758.109 Safari/537.36',
    'HTTP_UPGRADE_INSECURE_REQUESTS' => '1',
    'HTTP_SEC_CH_UA_PLATFORM' => '"macOS"',
    'HTTP_
2022/05/11 14:22:25 [error] 24#24: *208 FastCGI sent in stderr: "PHP message: An Error occurred while handling another error:
yii\web\HeadersAlreadySentException: Headers already sent in /var/www/katalog/controllers/ProductController.php on line 20. in /var/www/katalog/vendor/yiisoft/yii2/web/Response.php:368
Stack trace:
#0 /var/www/katalog/vendor/yiisoft/yii2/web/Response.php(341): yii\web\Response->sendHeaders()
#1 /var/www/katalog/vendor/yiisoft/yii2/web/ErrorHandler.php(136): yii\web\Response->send()
#2 /var/www/katalog/vendor/yiisoft/yii2/base/ErrorHandler.php(135): yii\web\ErrorHandler->renderException(Object(yii\web\HeadersAlreadySentException))
#3 [internal function]: yii\base\ErrorHandler->handleException(Object(yii\web\HeadersAlreadySentException))
#4 {main}
Previous exception:
yii\web\HeadersAlreadySentException: Headers already sent in /var/www/katalog/controllers/ProductController.php on line 20. in /var/www/katalog/vendor/yiisoft/yii2/web/Response.php:368
Stack trace:
#0 /var/www/katalog/vendor/yiisoft/yii2/web/Response.php(341): yii\web\Response->sendHeaders()
#1 /var/www/katalog/vendor/yiisoft/yii2/base/Application.php(390): yii\web\Response->send()
#2 /var/www/katalog/web/index.php(12): yii\base\Application->run()
#3 {main}
$_S" while reading upstream, client: 172.21.0.1, server: katalog, request: "GET /products?razmer=small&tkan=plohaya HTTP/1.1", upstream: "fastcgi://172.21.0.3:9000", host: "127.0.0.1", referrer: "http://127.0.0.1/products"
2022/05/11 14:22:25 [error] 24#24: *208 FastCGI sent in stderr: "ERVER = [
    'HOSTNAME' => 'fbb0fecea02e',
    'PHP_INI_DIR' => '/usr/local/etc/php',
    'HOME' => '/var/www',
    'PHP_LDFLAGS' => '-Wl,-O1 -pie',
    'PHP_CFLAGS' => '-fstack-protector-strong -fpic -fpie -O2 -D_LARGEFILE_SOURCE -D_FILE_OFFSET_BITS=64',
    'PHP_VERSION' => '8.1.2',
    'GPG_KEYS' => '528995BFEDFBA7191D46839EF9BA0ADA31CBD89E 39B641343D8C104B2B146DC3F9C39DC0B9698544 F1F692238FBC1666E5A5CCD4199F9DFEF6FFBAFD',
    'PHP_CPPFLAGS' => '-fstack-protector-strong -fpic -fpie -O2 -D_LARGEFILE_SOURCE -D_FILE_OFFSET_BITS=64',
    'PHP_ASC_URL' => 'https://www.php.net/distributions/php-8.1.2.tar.xz.asc',
    'PHP_URL' => 'https://www.php.net/distributions/php-8.1.2.tar.xz',
    'PATH' => '/usr/local/sbin:/usr/local/bin:/usr/sbin:/usr/bin:/sbin:/bin',
    'PHPIZE_DEPS' => 'autoconf 		dpkg-dev 		file 		g++ 		gcc 		libc-dev 		make 		pkg-config 		re2c',
    'PWD' => '/var/www',
    'PHP_SHA256' => '6b448242fd360c1a9f265b7263abf3da25d28f2b2b0f5465533b69be51a391dd',
    'USER' => 'www-data',
    'HTTP_COOKIE' => 'PHPSESSID=f21d214958c8517352fcde77e33d6dc5; _csrf=dd50e187e7027c0bfe0fe18e42b7ef3bedc83f19760e8b1ca55b12a3ca31e11ca%3A2%3A%7Bi%3A0%3Bs%3A5%3A%22_csrf%22%3Bi%3A1%3Bs%3A32%3A%22ipQwBuBV2S0_jYMP69HvQgWeEbk6ypsK%22%3B%7D',
    'HTTP_ACCEPT_LANGUAGE' => 'ru-RU,ru;q=0.9,en-US;q=0.8,en;q=0.7',
    'HTTP_ACCEPT_ENCODING' => 'gzip, deflate, br',
    'HTTP_REFERER' => 'http://127.0.0.1/products',
    'HTTP_SEC_FETCH_DEST' => 'document',
    'HTTP_SEC_FETCH_USER' => '?1',
    'HTTP_SEC_FETCH_MODE' => 'navigate',
    'HTTP_SEC_FETCH_SITE' => 'same-origin',
    'HTTP_ACCEPT' => 'text/html,application/xhtml+xml,application/xml;q=0.9,image/avif,image/webp,image/apng,*/*;q=0.8,application/signed-exchange;v=b3;q=0.9',
    'HTTP_USER_AGENT' => 'Mozilla/5.0 (Macintosh; Intel Mac OS X 10_15_7) AppleWebKit/537.36 (KHTML, like Gecko) Chrome/98.0.4758.109 Safari/537.36',
    'HTTP_UPGRADE_INSECURE_REQUESTS' => '1',
    'HTTP_SEC_CH_UA_PLATFORM' => '"macOS"',
  
2022/05/11 14:30:44 [error] 25#25: *219 FastCGI sent in stderr: "PHP message: An Error occurred while handling another error:
yii\web\HeadersAlreadySentException: Headers already sent in /var/www/katalog/controllers/ProductController.php on line 20. in /var/www/katalog/vendor/yiisoft/yii2/web/Response.php:368
Stack trace:
#0 /var/www/katalog/vendor/yiisoft/yii2/web/Response.php(341): yii\web\Response->sendHeaders()
#1 /var/www/katalog/vendor/yiisoft/yii2/web/ErrorHandler.php(136): yii\web\Response->send()
#2 /var/www/katalog/vendor/yiisoft/yii2/base/ErrorHandler.php(135): yii\web\ErrorHandler->renderException(Object(yii\web\HeadersAlreadySentException))
#3 [internal function]: yii\base\ErrorHandler->handleException(Object(yii\web\HeadersAlreadySentException))
#4 {main}
Previous exception:
yii\web\HeadersAlreadySentException: Headers already sent in /var/www/katalog/controllers/ProductController.php on line 20. in /var/www/katalog/vendor/yiisoft/yii2/web/Response.php:368
Stack trace:
#0 /var/www/katalog/vendor/yiisoft/yii2/web/Response.php(341): yii\web\Response->sendHeaders()
#1 /var/www/katalog/vendor/yiisoft/yii2/base/Application.php(390): yii\web\Response->send()
#2 /var/www/katalog/web/index.php(12): yii\base\Application->run()
#3 {main}
$_SERVER = [
    'HOSTNAME' => 'fbb0fecea02e',
    'PHP_INI_DIR' => '/usr/local/etc/php',
    'HOME' => '/var/www',
    'PHP_LDFLAGS' => '-Wl,-O1 -pie',
    'PHP_CFLAGS' => '-fstack-protector-strong -fpic -fpie -O2 -D_LARGEFILE_SOURCE -D_FILE_OFFSET_BITS=64',
    'PHP_VERSION' => '8.1.2',
    'GPG_KEYS' => '528995BFEDFBA7191D46839EF9BA0ADA31CBD89E 39B641343D8C104B2B146DC3F9C39DC0B9698544 F1F692238FBC1666E5A5CCD4199F9DFEF6FFBAFD',
    'PHP_CPPFLAGS' => '-fstack-protector-strong -fpic -fpie -O2 -D_LARGEFILE_SOURCE -D_FILE_OFFSET_BITS=64',
    'PHP_ASC_URL' => 'https://www.php.net/distributions/php-8.1.2.tar.xz.asc',
    'PHP_URL' => 'https://www.php.net/distributions/php-8.1.2.tar.xz',
    'PATH' => '/usr/local/sbin:/usr/local/bin:/usr/sbin:/usr/bin:/sbin:/bin',
    'PHPIZE_DE
2022/05/11 14:30:44 [error] 25#25: *219 FastCGI sent in stderr: "   'SERVER_PORT' => '80',
    'SERVER_ADDR' => '172.21.0.4',
    'REMOTE_PORT' => '59542',
    'REMOTE_ADDR' => '172.21.0.1',
    'SERVER_SOFTWARE' => 'nginx/1.21.6',
    'GATEWAY_INTERFACE' => 'CGI/1.1',
    'REQUEST_SCHEME' => 'http',
    'SERVER_PROTOCOL' => 'HTTP/1.1',
    'DOCUMENT_ROOT' => '/var/www/katalog/web',
    'DOCUMENT_URI' => '/index.php',
    'REQUEST_URI' => '/products?razmer=small&tkan=plohaya',
    'SCRIPT_NAME' => '/index.php',
    'CONTENT_LENGTH' => '',
    'CONTENT_TYPE' => '',
    'REQUEST_METHOD' => 'GET',
    'QUERY_STRING' => 'razmer=small&tkan=plohaya',
    'FCGI_ROLE' => 'RESPONDER',
    'PHP_SELF' => '/index.php',
    'REQUEST_TIME_FLOAT' => 1652279444.167883,
    'REQUEST_TIME' => 1652279444,
    'argv' => [
        'razmer=small&tkan=plohaya',
    ],
    'argc' => 1,
]" while reading upstream, client: 172.21.0.1, server: katalog, request: "GET /products?razmer=small&tkan=plohaya HTTP/1.1", upstream: "fastcgi://172.21.0.3:9000", host: "127.0.0.1", referrer: "http://127.0.0.1/products"
2022/05/11 14:35:04 [error] 24#24: *227 FastCGI sent in stderr: "PHP message: An Error occurred while handling another error:
yii\web\HeadersAlreadySentException: Headers already sent in /var/www/katalog/controllers/ProductController.php on line 20. in /var/www/katalog/vendor/yiisoft/yii2/web/Response.php:368
Stack trace:
#0 /var/www/katalog/vendor/yiisoft/yii2/web/Response.php(341): yii\web\Response->sendHeaders()
#1 /var/www/katalog/vendor/yiisoft/yii2/web/ErrorHandler.php(136): yii\web\Response->send()
#2 /var/www/katalog/vendor/yiisoft/yii2/base/ErrorHandler.php(135): yii\web\ErrorHandler->renderException(Object(yii\web\HeadersAlreadySentException))
#3 [internal function]: yii\base\ErrorHandler->handleException(Object(yii\web\HeadersAlreadySentException))
#4 {main}
Previous exception:
yii\web\HeadersAlreadySentException: Headers already sent in /var/www/katalog/controllers/ProductController.php on line 20. in /var/www/katalog/vendor/yiisoft/yii2/web/Response.php:368
Stack trace:
#0 /var/www/katalog/vendor/yiisoft/yii2/web/Response.php(341): yii\web\Response->sendHeaders()
#1 /var/www/katalog/vendor/yiisoft/yii2/base/Application.php(390): yii\web\Response->send()
#2 /var/www/katalog/web/index.php(12): yii\base\Application->run()
#3 {main}
$_SERVER = [
    'HOSTNAME' => 'fbb0fecea02e',
    'PHP_INI_DIR' => '/usr/local/etc/php',
    'HOME' => '/var/www',
    'PHP_LDFLAGS' => '-Wl,-O1 -pie',
    'PHP_CFLAGS' => '-fstack-protector-strong -fpic -fpie -O2 -D_LARGEFILE_SOURCE -D_FILE_OFFSET_BITS=64',
    'PHP_VERSION' => '8.1.2',
    'GPG_KEYS' => '528995BFEDFBA7191D46839EF9BA0ADA31CBD89E 39B641343D8C104B2B146DC3F9C39DC0B9698544 F1F692238FBC1666E5A5CCD4199F9DFEF6FFBAFD',
    'PHP_CPPFLAGS' => '-fstack-protector-strong -fpic -fpie -O2 -D_LARGEFILE_SOURCE -D_FILE_OFFSET_BITS=64',
    'PHP_ASC_URL' => 'https://www.php.net/distributions/php-8.1.2.tar.xz.asc',
    'PHP_URL' => 'https://www.php.net/distributions/php-8.1.2.tar.xz',
    'PATH' => '/usr/local/sbin:/usr/local/bin:/usr/sbin:/usr/bin:/sbin:/bin',
    'PHPIZE_DE
2022/05/11 14:35:04 [error] 24#24: *227 FastCGI sent in stderr: "> '/products?razmer=small&tkan=plohaya',
    'SCRIPT_NAME' => '/index.php',
    'CONTENT_LENGTH' => '',
    'CONTENT_TYPE' => '',
    'REQUEST_METHOD' => 'GET',
    'QUERY_STRING' => 'razmer=small&tkan=plohaya',
    'FCGI_ROLE' => 'RESPONDER',
    'PHP_SELF' => '/index.php',
    'REQUEST_TIME_FLOAT' => 1652279704.52086,
    'REQUEST_TIME' => 1652279704,
    'argv' => [
        'razmer=small&tkan=plohaya',
    ],
    'argc' => 1,
]" while reading upstream, client: 172.21.0.1, server: katalog, request: "GET /products?razmer=small&tkan=plohaya HTTP/1.1", upstream: "fastcgi://172.21.0.3:9000", host: "127.0.0.1", referrer: "http://127.0.0.1/products"
2022/05/11 15:15:07 [error] 26#26: *253 FastCGI sent in stderr: "PHP message: An Error occurred while handling another error:
yii\web\HeadersAlreadySentException: Headers already sent in /var/www/katalog/controllers/ProductController.php on line 22. in /var/www/kat" while reading upstream, client: 172.21.0.1, server: katalog, request: "GET /products?razmer=small&tkan=plohaya HTTP/1.1", upstream: "fastcgi://172.21.0.3:9000", host: "127.0.0.1", referrer: "http://127.0.0.1/products"
2022/05/11 15:15:07 [error] 26#26: *253 FastCGI sent in stderr: "alog/vendor/yiisoft/yii2/web/Response.php:368
Stack trace:
#0 /var/www/katalog/vendor/yiisoft/yii2/web/Response.php(341): yii\web\Response->sendHeaders()
#1 /var/www/katalog/vendor/yiisoft/yii2/web/ErrorHandler.php(136): yii\web\Response->send()
#2 /var/www/katalog/vendor/yiisoft/yii2/base/ErrorHandler.php(135): yii\web\ErrorHandler->renderException(Object(yii\web\HeadersAlreadySentException))
#3 [internal function]: yii\base\ErrorHandler->handleException(Object(yii\web\HeadersAlreadySentException))
#4 {main}
Previous exception:
yii\web\HeadersAlreadySentException: Headers already sent in /var/www/katalog/controllers/ProductController.php on line 22. in /var/www/katalog/vendor/yiisoft/yii2/web/Response.php:368
Stack trace:
#0 /var/www/katalog/vendor/yiisoft/yii2/web/Response.php(341): yii\web\Response->sendHeaders()
#1 /var/www/katalog/vendor/yiisoft/yii2/base/Application.php(390): yii\web\Response->send()
#2 /var/www/katalog/web/index.php(12): yii\base\Application->run()
#3 {main}
$_SERVER = [
    'HOSTNAME' => 'fbb0fecea02e',
    'PHP_INI_DIR' => '/usr/local/etc/php',
    'HOME' => '/var/www',
    'PHP_LDFLAGS' => '-Wl,-O1 -pie',
    'PHP_CFLAGS' => '-fstack-protector-strong -fpic -fpie -O2 -D_LARGEFILE_SOURCE -D_FILE_OFFSET_BITS=64',
    'PHP_VERSION' => '8.1.2',
    'GPG_KEYS' => '528995BFEDFBA7191D46839EF9BA0ADA31CBD89E 39B641343D8C104B2B146DC3F9C39DC0B9698544 F1F692238FBC1666E5A5CCD4199F9DFEF6FFBAFD',
    'PHP_CPPFLAGS' => '-fstack-protector-strong -fpic -fpie -O2 -D_LARGEFILE_SOURCE -D_FILE_OFFSET_BITS=64',
    'PHP_ASC_URL' => 'https://www.php.net/distributions/php-8.1.2.tar.xz.asc',
    'PHP_URL' => 'https://www.php.net/distributions/php-8.1.2.tar.xz',
    'PATH' => '/usr/local/sbin:/usr/local/bin:/usr/sbin:/usr/bin:/sbin:/bin',
    'PHPIZE_DEPS' => 'autoconf 		dpkg-dev 		file 		g++ 		gcc 		libc-dev 		make 		pkg-config 		re2c',
    'PWD' => '/var/www',
    'PHP_SHA256' => '6b448242fd360c1a9f265b7263abf3da25d28f2b2b0f5465533b69be51a391dd',

2022/05/11 15:15:07 [error] 26#26: *253 FastCGI sent in stderr: "107,
    'argv' => [
        'razmer=small&tkan=plohaya',
    ],
    'argc' => 1,
]" while reading upstream, client: 172.21.0.1, server: katalog, request: "GET /products?razmer=small&tkan=plohaya HTTP/1.1", upstream: "fastcgi://172.21.0.3:9000", host: "127.0.0.1", referrer: "http://127.0.0.1/products"
